1744	44947	12	42510
90	31157	5	31144
334	27425	197	27412
217	25049	112	25048
37	24473	171	24472
336	25600	2	24111
39	23400	1	23387	no_children
1512	22970	43	22969
124	22568	162	22567
436	22524	130	22523
997	22118	133	22117
219	22897	2	21911
88	21805	150	21804
438	21398	6	21385
877	21009	146	21008
126	21412	9	20943
437	21746	2	20914
125	20775	4	20059
871	20184	51	19987
1497	19754	101	19753
1536	19657	120	19656
626	19972	65	19405
879	20137	11	19229
878	19048	1	19030	no_children
1491	18906	119	18905
1538	19006	3	18835
1499	18962	8	18602
1493	18209	9	18196
946	18154	103	18153
1831	18131	125	18118
500	18035	99	18034
1675	17908	69	17895
910	17726	106	17725
433	17650	94	17649
1434	17609	71	17596
502	17594	3	17581
1786	17491	57	17478
169	17400	85	17399
1833	17406	13	17393
912	17362	5	17361
67	17203	30	17202
948	17391	22	17142
527	17003	125	17002
1657	16851	77	16838
19	16803	108	16802
1332	17914	1	16778	no_children
1197	16532	81	16531
226	16459	131	16458
1677	16710	1	16444	no_children
764	16404	130	16403
1788	17304	1	16350	no_children
1334	17519	1	16342	no_children
529	16267	5	16254
1612	16133	82	16120
481	16037	88	16036
21	16023	4	16022
925	15865	93	15864
1308	15789	125	15788
766	15759	4	15746
228	15845	4	15696
4	15569	92	15568
943	15554	92	15553
1603	15506	43	15505
1199	15920	1	15478	no_children
1832	16466	1	15476	no_children
1614	15458	1	15445	no_children
187	18150	52	15418
608	15196	115	15195
1482	15143	87	15142
1310	15151	3	15138
1726	18887	63	15015
1431	14947	76	14946
103	14939	115	14938
1302	14899	35	14898
430	15286	83	14876
189	16294	5	14874
202	14863	111	14862
432	14790	6	14789
1007	14659	132	14658
204	14597	11	14584
133	14578	82	14577
927	14571	2	14558
945	14518	2	14505
109	14469	27	14456
1022	14432	83	14431
1563	14412	49	14399
536	14325	76	14324
1329	14377	61	14304
76	14374	47	14304
1368	14289	94	14288
175	14209	76	14208
193	14147	26	14134
1009	14057	20	14044
118	14033	37	14032
232	13909	126	13896
385	13812	94	13809
889	13800	88	13799
104	13801	1	13788	no_children
610	14674	2	13722
264	13902	3	13660
135	13915	1	13599	no_children
1024	13757	3	13501
