read	origLen	numOlaps	corLen
1	11284	63	11283
3	10756	1	10336	no_children
4	15569	92	15568
7	5768	22	5755
8	5298	0	0	no_children
9	5465	6	5452
13	5887	5	5567
19	16803	108	16802
21	16023	4	16022
22	3659	8	3646
24	3381	1	252	no_children
25	12482	3	12469
28	2524	5	2437
30	2568	1	2308	no_children
31	12359	45	12358
33	11672	2	10157
34	6812	20	6631
36	6507	2	6316
37	24473	171	24472
39	23400	1	23387	no_children
41	5722	2	4573
42	5873	2	4451
43	9243	2	8845
45	8903	1	4449	no_children
52	5830	18	5829
54	6244	1	5198	no_children
55	8583	37	8582
57	7918	1	7905	no_children
58	6912	8	6514
60	7505	1	6580	no_children
61	3182	6	3169
62	2777	1	1887	no_children
63	3983	0	0	no_children
64	6819	28	6818
67	17203	30	17202
70	5591	15	5578
72	5481	1	5468	no_children
76	14374	47	14304
79	13019	90	13018
81	11926	1	11913	no_children
82	5306	5	5241
84	5173	1	4497	no_children
85	9919	64	9918
87	9441	1	9337	no_children
88	21805	150	21804
90	31157	5	31144
94	9055	61	9054
95	8351	1	8236	no_children
96	8387	1	6464	no_children
97	9830	56	9829
99	9053	1	9040	no_children
101	4207	1	3992	no_children
102	2922	1	2837	no_children
103	14939	115	14938
104	13801	1	13788	no_children
105	13838	1	12998	no_children
106	10110	54	10109
108	9240	3	9090
109	14469	27	14456
111	13777	1	1444	no_children
112	9843	38	9842
113	9473	2	9290
115	9146	0	0	no_children
117	9215	0	0	no_children
118	14033	37	14032
121	7033	35	7032
123	6547	1	2530	no_children
124	22568	162	22567
125	20775	4	20059
126	21412	9	20943
127	7728	46	7727
128	7156	0	0	no_children
129	7347	4	7158
130	13559	73	13558
132	12892	3	12819
133	14578	82	14577
135	13915	1	13599	no_children
136	13149	72	13148
139	8762	37	8756
142	10637	80	10636
144	10260	1	10200	no_children
145	10295	64	10294
147	9575	2	9317
148	7881	8	7110
151	9471	4	9163
154	2846	5	2786
156	2830	1	2592	no_children
157	13338	36	13337
159	13617	1	13462	no_children
160	10486	18	10485
162	10410	1	10102	no_children
163	13076	0	0	no_children
167	1647	2	1601
168	2424	0	0	no_children
169	17400	85	17399
172	3783	13	3601
174	3590	1	3288	no_children
175	14209	76	14208
178	10631	2	5037
181	3821	5	3698
184	8730	9	8696
187	18150	52	15418
189	16294	5	14874
190	3572	3	3420
192	3255	1	1535	no_children
193	14147	26	14134
196	7260	0	0	no_children
199	7937	46	7936
202	14863	111	14862
203	13635	1	12593	no_children
204	14597	11	14584
205	4472	4	4459
206	4199	0	0	no_children
208	4209	20	4196
211	6467	4	6148
217	25049	112	25048
219	22897	2	21911
220	3692	11	3557
223	8725	45	8700
225	8585	5	8570
226	16459	131	16458
228	15845	4	15696
232	13909	126	13896
234	13300	4	13152
235	16409	1	6496	no_children
238	8117	10	8104
241	6255	12	6198
243	6247	1	5904	no_children
247	7177	6	7146
249	7059	2	6799
250	6995	12	6163
252	6490	1	5804	no_children
253	7603	27	7602
255	7152	1	7139	no_children
256	7954	62	7953
258	7666	3	7638
259	7759	8	7738
261	8012	1	7754	no_children
262	13629	77	13628
264	13902	3	13660
265	9010	66	9009
267	8753	1	8563	no_children
268	8588	17	8575
270	8705	1	8451	no_children
271	10858	11	10857
274	10718	54	10717
276	10375	4	10234
277	1390	1	1083	no_children
283	4413	4	3651
286	9593	92	9539
287	8439	0	0	no_children
288	8959	13	8946
289	1900	10	1899
290	1700	0	0	no_children
291	1867	1	1854	no_children
292	8124	29	8111
294	7747	2	7665
298	6563	22	6562
301	3107	7	3106
303	2909	0	0	no_children
304	6178	21	6177
306	5719	0	0	no_children
307	8758	1	4544	no_children
309	10443	1	4459	no_children
313	12133	104	12132
314	11162	1	11149	no_children
315	11467	2	11397
319	10537	60	10524
321	10244	1	10177	no_children
322	8422	21	8409
324	10084	1	7659	no_children
328	13137	97	13124
330	12817	5	12804
334	27425	197	27412
336	25600	2	24111
337	9158	13	8961
339	8844	1	8615	no_children
341	4603	0	0	no_children
342	3544	0	0	no_children
343	8415	21	8017
346	7822	4	3498
349	8026	16	8023
351	7690	1	7677	no_children
355	9123	57	9122
357	8886	0	0	no_children
358	5916	11	5813
360	5581	2	5419
361	8427	28	8426
363	8120	1	8107	no_children
367	5080	0	0	no_children
370	12034	18	12021
373	4193	13	4192
376	5149	0	0	no_children
379	6100	8	6087
381	5914	3	5865
382	9201	4	9115
385	13812	94	13809
387	13054	2	12802
388	7085	35	7072
390	6831	2	6818
391	13617	103	13616
393	12610	1	12278	no_children
394	12277	75	12276
396	12272	2	11914
397	6971	3	3371
403	5891	9	5878
405	5570	0	0	no_children
406	9630	20	9629
409	6581	35	6568
411	6279	4	6208
412	11695	53	11694
413	10889	1	10822	no_children
415	13527	31	13526
418	10870	4	9915
421	6933	0	0	no_children
427	10348	38	10347
429	10247	7	10150
430	15286	83	14876
432	14790	6	14789
433	17650	94	17649
436	22524	130	22523
437	21746	2	20914
438	21398	6	21385
439	6487	0	0	no_children
442	6636	38	6635
443	6053	0	0	no_children
444	6239	5	6212
445	6269	12	6182
447	6593	4	6152
448	7644	1	6694	no_children
451	10537	0	0	no_children
454	11292	12	11291
457	8970	67	8969
459	8440	7	8427
460	9465	5	9452
463	10083	10	10070
469	10540	21	10443
473	10982	0	0	no_children
475	7369	39	7368
481	16037	88	16036
484	1092	2	835
486	10188	83	10187
487	9229	1	4303	no_children
488	9781	6	9703
489	2003	1	320	no_children
492	9207	56	9206
493	8384	0	0	no_children
497	6693	0	0	no_children
500	18035	99	18034
502	17594	3	17581
506	5156	27	5155
507	4761	0	0	no_children
508	4930	2	4782
509	8338	20	8337
512	5964	23	5963
513	5866	0	0	no_children
514	5499	1	5060	no_children
515	11067	35	11064
517	17599	1	10320	no_children
518	10008	4	9469
521	6560	9	6189
523	6399	1	5935	no_children
524	8879	38	8269
526	8239	0	0	no_children
527	17003	125	17002
529	16267	5	16254
533	7527	18	7502
535	7269	1	3727	no_children
536	14325	76	14324
538	13250	1	13237	no_children
539	9480	49	9479
541	9165	2	9024
545	5135	5	4448
548	1946	2	1902
550	1907	1	1843	no_children
551	8547	68	8546
553	8139	6	8015
554	13070	42	13069
556	12666	1	12653	no_children
557	11963	7	11147
560	6964	33	6963
563	6671	24	6670
565	7271	1	6502	no_children
566	1305	5	1266
568	1249	1	1205	no_children
569	5747	1	698	no_children
572	8912	37	8911
574	8393	1	8380	no_children
577	5618	1	941	no_children
578	4037	13	3880
579	3536	0	0	no_children
580	3892	2	3775
581	3790	15	3365
583	3503	0	0	no_children
586	6766	1	6231	no_children
587	12298	106	12297
589	11686	1	11448	no_children
593	6096	2	1794
595	7430	1	3816	no_children
596	4993	0	0	no_children
599	9461	5	9448
602	4262	10	4249
603	3969	1	3956	no_children
608	15196	115	15195
610	14674	2	13722
611	11661	100	11660
613	11259	0	0	no_children
614	11950	44	11949
617	12040	36	11596
619	11679	3	11098
620	7862	40	7861
623	5823	1	1062	no_children
625	5523	0	0	no_children
626	19972	65	19405
628	20921	0	0	no_children
629	1470	1	682	no_children
633	5678	0	0	no_children
635	8364	18	7716
637	8700	1	7599	no_children
638	8412	14	8399
641	7512	20	7511
644	8141	8	8128
648	7273	1	1275	no_children
649	11021	7	11008
659	6949	3	6134
662	8345	34	8298
663	7288	0	0	no_children
664	8103	3	5960
668	12556	76	12006
669	11769	1	11037	no_children
671	13262	105	13261
673	12700	6	12687
674	10255	72	10254
676	9626	1	9613	no_children
677	12487	80	12486
679	12450	1	11753	no_children
680	7972	12	7971
682	8306	1	8132	no_children
683	8044	22	8043
684	7247	0	0	no_children
686	11443	92	11442
688	10679	4	10552
692	9978	27	9975
695	8740	35	8739
697	8333	0	0	no_children
701	7664	29	7663
704	7944	32	7943
706	7484	2	7230
707	8176	16	8151
709	8627	3	7949
710	5713	19	5712
711	5229	1	5088	no_children
712	5380	1	5155	no_children
715	5151	1	2102	no_children
716	12402	113	12401
717	11315	1	10593	no_children
718	11444	11	11286
719	13085	62	13084
721	12656	1	12578	no_children
722	9296	0	0	no_children
725	7593	48	7580
726	7148	1	6755	no_children
727	6854	1	6824	no_children
728	8127	39	7790
730	7665	1	7183	no_children
731	18006	0	0	no_children
734	3061	5	3034
736	2859	0	0	no_children
737	10840	48	10827
740	2478	3	2265
752	11818	3	9251
755	7349	7	6672
760	3509	1	2566	no_children
761	8252	45	8251
762	7765	0	0	no_children
763	7754	1	7680	no_children
764	16404	130	16403
766	15759	4	15746
767	11015	8	7768
770	8065	22	7936
772	8322	2	6810
773	9809	31	9808
779	6135	30	6125
781	5945	1	5932	no_children
782	9405	59	9404
784	8925	2	8912
785	1213	3	1057
786	1221	2	1137
787	5499	29	5498
788	4889	0	0	no_children
789	5352	1	5251	no_children
790	3702	0	0	no_children
793	10071	39	10070
795	9696	15	9683
796	9936	2	4888
799	8824	43	8823
801	8357	0	0	no_children
802	6622	0	0	no_children
805	11163	97	11162
807	10620	5	10607
808	12404	104	12403
809	11399	3	11352
810	11845	2	11820
811	6310	7	5976
814	6048	8	6036
817	3746	0	0	no_children
820	9347	42	9256
823	9681	41	9668
826	7434	30	7433
828	7143	1	5735	no_children
831	3347	0	0	no_children
832	1531	3	1471
834	1457	1	1390	no_children
835	7321	21	7308
838	10143	35	10142
840	9502	2	9489
841	6468	29	6467
844	10425	72	10412
846	9933	1	9893	no_children
847	10534	25	10533
850	6351	14	6114
852	6110	5	6097
854	6234	0	0	no_children
856	9092	4	8805
858	8437	2	8144
862	8049	3	7795
865	7435	48	7434
867	7387	1	7342	no_children
869	4874	0	0	no_children
870	5405	2	3496
871	20184	51	19987
877	21009	146	21008
878	19048	1	19030	no_children
879	20137	11	19229
886	10076	26	10075
889	13800	88	13799
892	6608	14	6595
895	5516	2	5222
898	5877	0	0	no_children
901	9956	12	9955
910	17726	106	17725
912	17362	5	17361
916	11765	17	11764
919	9354	57	9353
920	8718	1	8642	no_children
921	8719	3	7889
925	15865	93	15864
927	14571	2	14558
934	10278	73	10277
936	9827	1	9354	no_children
940	3839	0	0	no_children
943	15554	92	15553
945	14518	2	14505
946	18154	103	18153
948	17391	22	17142
949	4060	7	4047
955	11332	45	11331
958	11517	20	11075
961	8762	14	8731
964	8568	52	8555
966	7939	6	7926
967	5236	20	5235
970	11810	91	11797
972	11381	17	11380
973	4088	1	2833	no_children
976	8080	34	7993
981	8208	0	0	no_children
982	9716	33	9715
985	7351	13	7350
986	6811	0	0	no_children
991	13069	99	13068
993	13260	8	12937
994	11616	54	11615
996	11539	1	11459	no_children
997	22118	133	22117
1001	3761	1	2582	no_children
1002	6677	0	0	no_children
1004	1809	0	0	no_children
1006	1530	0	0	no_children
1007	14659	132	14658
1008	13177	4	13054
1009	14057	20	14044
1010	8029	62	8028
1011	7393	0	0	no_children
1012	7675	5	7605
1013	3003	13	3002
1015	2840	1	1987	no_children
1016	11483	59	11364
1018	10940	0	0	no_children
1022	14432	83	14431
1024	13757	3	13501
1028	4914	23	4913
1029	4708	2	4479
1030	4555	2	4350
1031	11815	78	11814
1033	11132	1	11109	no_children
1034	5727	0	0	no_children
1040	8198	43	8197
1042	7505	1	6807	no_children
1043	7532	0	0	no_children
1046	13667	3	12711
1049	4213	2	2432
1052	5225	0	0	no_children
1055	9811	25	8860
1058	8051	54	8038
1060	10581	12	9505
1061	13323	56	13322
1064	6280	23	6267
1066	5907	2	963
1067	10274	70	10273
1069	9552	1	9539	no_children
1070	4334	17	4321
1073	3041	2	2965
1075	3014	2	2939
1076	13600	16	13077
1079	7578	28	7577
1081	7837	1	6979	no_children
1085	12161	59	12160
1086	11472	1	10300	no_children
1088	9899	58	9898
1090	9425	1	9203	no_children
1109	3196	2	3146
1111	3419	1	3022	no_children
1112	9787	35	9532
1114	10060	1	9153	no_children
1115	8280	20	8235
1118	11738	0	0	no_children
1124	9884	23	9767
1127	1213	2	1017
1128	6299	12	6286
1129	6012	1	5421	no_children
1131	9281	13	8885
1137	9467	26	8587
1140	9767	6	8862
1142	9666	0	0	no_children
1143	2103	0	0	no_children
1146	2949	8	2936
1148	2714	1	2502	no_children
1152	8644	62	8631
1154	8751	2	8370
1155	6844	12	6681
1157	6581	1	6045	no_children
1161	5294	9	5281
1164	9475	41	9474
1165	8587	1	8574	no_children
1166	9002	1	8576	no_children
1170	9660	0	0	no_children
1173	12231	86	12230
1175	11787	0	0	no_children
1179	12972	100	12971
1181	13223	8	13210
1188	9398	37	9385
1191	8446	18	8208
1193	9010	2	8497
1197	16532	81	16531
1199	15920	1	15478	no_children
1203	4368	1	4217	no_children
1205	3972	1	3816	no_children
1206	6303	0	0	no_children
1209	11447	1	11434	no_children
1211	11623	1	11610	no_children
1217	2553	1	1849	no_children
1218	6131	28	6130
1220	5804	1	5745	no_children
1221	6649	19	6636
1223	6305	0	0	no_children
1236	9224	0	0	no_children
1239	12983	92	12982
1241	12362	1	10708	no_children
1242	1456	0	0	no_children
1245	10835	56	10834
1248	13146	73	13145
1251	6895	34	6882
1253	6464	2	6342
1254	8247	18	8234
1256	8051	5	7966
1257	5917	13	5904
1259	6875	1	1818	no_children
1260	2748	0	0	no_children
1266	8755	63	8754
1268	8463	1	8351	no_children
1275	3461	9	3448
1276	3239	1	3200	no_children
1277	3239	1	3120	no_children
1278	13013	4	12685
1280	14092	4	12102
1284	4323	4	4121
1287	2735	2	2347
1290	6883	1	1572	no_children
1293	9089	63	9088
1295	8877	0	0	no_children
1296	7839	4	7826
1299	12949	47	12948
1301	11756	1	11656	no_children
1302	14899	35	14898
1304	13901	1	7647	no_children
1305	2421	1	2034	no_children
1307	2304	1	448	no_children
1308	15789	125	15788
1310	15151	3	15138
1311	6845	1	6824	no_children
1315	2007	0	0	no_children
1317	7545	0	0	no_children
1320	6531	1	2975	no_children
1326	12069	90	12068
1328	11625	4	11612
1329	14377	61	14304
1332	17914	1	16778	no_children
1334	17519	1	16342	no_children
1335	9124	59	9111
1337	8527	1	509	no_children
1338	9871	6	9715
1341	7622	27	6913
1344	12923	98	12922
1345	11662	1	11649	no_children
1346	12254	3	12169
1347	3292	1	2894	no_children
1349	4416	2	2761
1353	9199	57	9198
1355	8432	0	0	no_children
1359	6811	23	6801
1361	6426	1	6110	no_children
1362	10351	32	10303
1364	10969	1	10704	no_children
1365	10504	67	10491
1367	10046	4	9708
1368	14289	94	14288
1369	13365	1	13352	no_children
1370	13217	6	13162
1373	5632	0	0	no_children
1374	13214	65	13079
1376	12477	1	12337	no_children
1377	6313	3	6274
1380	9491	8	9478
1383	5357	0	0	no_children
1386	8377	44	8376
1387	7364	0	0	no_children
1388	7908	1	6068	no_children
1389	5065	21	5064
1390	4694	0	0	no_children
1391	4836	5	4823
1392	3235	7	3045
1394	2921	2	2757
1395	8863	54	8862
1397	8413	3	8397
1399	3186	1	1000	no_children
1400	4189	0	0	no_children
1401	10254	5	8829
1404	11958	0	0	no_children
1407	3156	13	3143
1408	3001	0	0	no_children
1409	2984	1	2799	no_children
1410	5054	2	677
1413	8413	58	8412
1414	7605	1	7592	no_children
1415	7963	14	7950
1416	12131	106	12130
1417	11242	1	11040	no_children
1418	11700	14	11687
1419	2399	5	2275
1422	11968	76	11955
1424	11428	2	11310
1425	4600	1	1681	no_children
1431	14947	76	14946
1434	17609	71	17596
1436	18163	0	0	no_children
1437	10987	29	10986
1443	2090	11	2061
1445	1974	2	1887
1446	7633	41	7632
1448	10026	3	9581
1458	6325	2	4859
1461	9281	58	9280
1463	8864	2	8571
1464	10072	73	10059
1465	9512	0	0	no_children
1466	9432	6	9143
1467	4096	4	3775
1470	7090	21	7077
1472	6648	1	627	no_children
1473	11740	57	11739
1476	8868	14	8725
1479	8601	63	8600
1480	7947	2	7827
1481	8197	3	8166
1482	15143	87	15142
1484	14586	1	7450	no_children
1485	4878	15	4592
1486	4469	1	3987	no_children
1487	4621	1	910	no_children
1488	5230	2	5043
1491	18906	119	18905
1493	18209	9	18196
1494	7760	21	7759
1497	19754	101	19753
1499	18962	8	18602
1500	11830	62	11829
1503	1742	5	1729
1505	1585	1	1451	no_children
1506	8264	38	8263
1508	7889	1	7876	no_children
1509	8853	43	8852
1511	8237	1	8224	no_children
1512	22970	43	22969
1515	8401	4	6393
1516	6920	0	0	no_children
1518	12852	77	12839
1521	5049	2	5024
1523	4940	2	4927
1524	7835	24	7757
1526	7282	0	0	no_children
1530	7500	12	7267
1533	7283	34	7205
1535	6959	3	6704
1536	19657	120	19656
1538	19006	3	18835
1539	7834	33	7821
1541	7303	1	6679	no_children
1542	10042	66	10029
1543	9446	1	8925	no_children
1544	9261	1	9013	no_children
1546	6370	0	0	no_children
1554	10214	29	10201
1557	7449	19	7436
1558	6939	1	6726	no_children
1559	6818	4	6731
1560	3290	6	3289
1562	3674	3	3504
1563	14412	49	14399
1568	7002	1	1466	no_children
1572	3438	12	3425
1574	3274	0	0	no_children
1575	1010	9	997
1576	11054	75	11053
1578	10689	2	10676
1579	1338	0	0	no_children
1582	7790	40	7789
1584	7377	3	7364
1585	12347	110	12334
1586	10954	0	0	no_children
1587	11794	1	11513	no_children
1588	13099	43	13086
1590	13226	0	0	no_children
1591	13113	97	13100
1594	12753	27	12740
1596	12369	2	12100
1598	3753	1	1027	no_children
1599	5805	1	2499	no_children
1600	12931	103	12918
1602	12331	1	12186	no_children
1603	15506	43	15505
1606	12194	83	12181
1608	11952	6	11939
1609	7014	10	7001
1612	16133	82	16120
1614	15458	1	15445	no_children
1615	9566	84	9565
1616	8777	0	0	no_children
1617	9195	5	9182
1618	5838	3	3466
1621	10307	72	10294
1623	9902	1	9614	no_children
1624	11431	17	11418
1627	9535	70	9534
1629	9014	4	8977
1630	9702	42	9689
1632	9570	2	2038
1633	12665	41	12652
1635	12248	1	12165	no_children
1636	1350	1	1174	no_children
1642	8095	65	8094
1644	8153	10	8140
1645	9267	5	9254
1647	8855	1	8842	no_children
1648	9499	38	9338
1657	16851	77	16838
1660	7698	3	7080
1666	13344	3	11803
1672	4317	7	4083
1675	17908	69	17895
1677	16710	1	16444	no_children
1681	10134	80	10121
1683	9601	1	8999	no_children
1684	9809	22	9796
1686	9493	2	9466
1689	9682	0	0	no_children
1690	4096	4	3292
1693	9608	42	9595
1695	9484	1	9229	no_children
1696	11527	87	11526
1698	10760	2	10747
1699	11180	76	11179
1701	10795	4	10782
1702	8494	63	8481
1704	7971	12	7955
1705	7225	20	7224
1708	2377	0	0	no_children
1711	2454	1	2238	no_children
1713	2439	1	2154	no_children
1717	13238	43	13161
1719	12788	10	12775
1720	5927	4	5914
1722	6408	2	5385
1723	5355	1	377	no_children
1726	18887	63	15015
1728	18116	1	2333	no_children
1735	7018	9	7017
1738	5909	30	5896
1740	5474	1	5310	no_children
1743	6984	2	6440
1744	44947	12	42510
1747	12925	91	12912
1749	12141	1	11994	no_children
1750	12688	98	12687
1752	12362	4	12009
1753	5663	1	4363	no_children
1755	6175	1	4568	no_children
1759	7389	7	7376
1762	7658	38	7645
1763	6809	0	0	no_children
1764	7063	2	7050
1765	5473	17	5453
1767	5359	1	5037	no_children
1768	7329	10	7316
1771	7129	7	7047
1773	7153	1	6773	no_children
1774	8962	53	8961
1776	8722	1	8709	no_children
1777	5936	14	5923
1780	10713	40	9120
1782	11700	0	0	no_children
1783	1519	3	1481
1784	1427	1	1359	no_children
1786	17491	57	17478
1788	17304	1	16350	no_children
1789	7952	5	7342
1791	9753	1	7216	no_children
1792	12244	76	12243
1794	11743	2	11730
1795	4557	12	4544
1797	4331	1	4318	no_children
1798	5806	22	5793
1800	5303	1	5290	no_children
1804	6385	21	6372
1807	8349	27	8348
1808	7969	2	7956
1813	5804	18	5731
1815	10271	0	0	no_children
1816	9709	44	9696
1818	9476	1	9090	no_children
1819	9569	45	9556
1821	9650	3	9637
1825	4746	11	4733
1827	4804	1	4659	no_children
1828	10666	79	10653
1830	10240	4	9924
1831	18131	125	18118
1832	16466	1	15476	no_children
1833	17406	13	17393
1834	1881	3	1792
1840	10611	24	9664
1842	10751	1	6470	no_children
1843	7799	41	7786
1844	9646	0	0	no_children
1845	7407	2	7014
1848	4065	0	0	no_children
1849	9226	1	4067	no_children
1852	8592	1	2974	no_children
1858	16909	4	7465
1861	2105	4	2016
1862	1953	1	1462	no_children
1864	7759	60	7746
1865	7977	1	6571	no_children
1866	7386	5	7373
1867	3497	22	3492
1868	3370	2	3140
1869	3444	1	803	no_children
1873	11235	34	11222
1879	10378	0	0	no_children
1882	12347	2	12242
1888	1579	1	1173	no_children
1894	1326	1	1096	no_children
1897	8116	0	0	no_children
1900	3118	0	0	no_children
1903	9184	37	9130
