        1 -     99 overlaps -     99 scored -     59 filtered -   40 saved (length * erate cutoff 8775.30)
        3 -      1 overlaps -      1 scored -      0 filtered -    1 saved (no filtering)
        4 -    112 overlaps -    112 scored -     72 filtered -   40 saved (length * erate cutoff 9577.73)
        7 -     81 overlaps -     81 scored -     41 filtered -   40 saved (length * erate cutoff 4826.52)
        8 -      1 overlaps -      1 scored -      0 filtered -    1 saved (no filtering)
        9 -     17 overlaps -     17 scored -      0 filtered -   17 saved (no filtering)
       13 -     49 overlaps -     49 scored -      9 filtered -   40 saved (length * erate cutoff 2497.07)
       19 -    126 overlaps -    126 scored -     86 filtered -   40 saved (length * erate cutoff 9419.73)
       21 -      7 overlaps -      7 scored -      0 filtered -    7 saved (no filtering)
       22 -     58 overlaps -     58 scored -     18 filtered -   40 saved (length * erate cutoff 2827.19)
       24 -      2 overlaps -      2 scored -      0 filtered -    2 saved (no filtering)
       25 -     10 overlaps -     10 scored -      0 filtered -   10 saved (no filtering)
       28 -     49 overlaps -     49 scored -      9 filtered -   40 saved (length * erate cutoff 1467.59)
       30 -      1 overlaps -      1 scored -      0 filtered -    1 saved (no filtering)
       31 -     73 overlaps -     73 scored -     33 filtered -   40 saved (length * erate cutoff 5244.88)
       33 -      3 overlaps -      3 scored -      0 filtered -    3 saved (no filtering)
       34 -     87 overlaps -     87 scored -     47 filtered -   40 saved (length * erate cutoff 4579.27)
       36 -      2 overlaps -      2 scored -      0 filtered -    2 saved (no filtering)
       37 -    202 overlaps -    202 scored -    162 filtered -   40 saved (length * erate cutoff 10577.87)
       39 -      1 overlaps -      1 scored -      0 filtered -    1 saved (no filtering)
       41 -      9 overlaps -      9 scored -      0 filtered -    9 saved (no filtering)
       42 -     17 overlaps -     17 scored -      0 filtered -   17 saved (no filtering)
       43 -     21 overlaps -     21 scored -      0 filtered -   21 saved (no filtering)
       45 -      1 overlaps -      1 scored -      0 filtered -    1 saved (no filtering)
       52 -     84 overlaps -     84 scored -     44 filtered -   40 saved (length * erate cutoff 4270.45)
       54 -      3 overlaps -      3 scored -      0 filtered -    3 saved (no filtering)
       55 -     93 overlaps -     93 scored -     53 filtered -   40 saved (length * erate cutoff 4951.98)
       57 -      3 overlaps -      3 scored -      0 filtered -    3 saved (no filtering)
       58 -     40 overlaps -     40 scored -      0 filtered -   40 saved (no filtering)
       60 -      1 overlaps -      1 scored -      0 filtered -    1 saved (no filtering)
       61 -     51 overlaps -     51 scored -     11 filtered -   40 saved (length * erate cutoff 1752.41)
       62 -      1 overlaps -      1 scored -      0 filtered -    1 saved (no filtering)
       63 -     15 overlaps -     15 scored -      0 filtered -   15 saved (no filtering)
       64 -    100 overlaps -    100 scored -     60 filtered -   40 saved (length * erate cutoff 5627.20)
       67 -     53 overlaps -     53 scored -     13 filtered -   40 saved (length * erate cutoff 4292.92)
       70 -     72 overlaps -     72 scored -     32 filtered -   40 saved (length * erate cutoff 3028.31)
       72 -      2 overlaps -      2 scored -      0 filtered -    2 saved (no filtering)
       76 -     77 overlaps -     77 scored -     37 filtered -   40 saved (length * erate cutoff 4644.48)
       79 -    154 overlaps -    154 scored -    114 filtered -   40 saved (length * erate cutoff 6676.71)
       81 -      1 overlaps -      1 scored -      0 filtered -    1 saved (no filtering)
       82 -     57 overlaps -     57 scored -     17 filtered -   40 saved (length * erate cutoff 2947.91)
       84 -      1 overlaps -      1 scored -      0 filtered -    1 saved (no filtering)
       85 -    108 overlaps -    108 scored -     68 filtered -   40 saved (length * erate cutoff 8041.76)
       87 -      1 overlaps -      1 scored -      0 filtered -    1 saved (no filtering)
       88 -    171 overlaps -    171 scored -    131 filtered -   40 saved (length * erate cutoff 10712.03)
       90 -      6 overlaps -      6 scored -      0 filtered -    6 saved (no filtering)
       94 -    122 overlaps -    122 scored -     82 filtered -   40 saved (length * erate cutoff 5426.07)
       95 -      1 overlaps -      1 scored -      0 filtered -    1 saved (no filtering)
       96 -      1 overlaps -      1 scored -      0 filtered -    1 saved (no filtering)
       97 -    111 overlaps -    111 scored -     71 filtered -   40 saved (length * erate cutoff 5667.56)
       99 -      1 overlaps -      1 scored -      0 filtered -    1 saved (no filtering)
      101 -      4 overlaps -      4 scored -      0 filtered -    4 saved (no filtering)
      102 -      4 overlaps -      4 scored -      0 filtered -    4 saved (no filtering)
      103 -    149 overlaps -    149 scored -    109 filtered -   40 saved (length * erate cutoff 10677.89)
      104 -      1 overlaps -      1 scored -      0 filtered -    1 saved (no filtering)
      105 -      2 overlaps -      2 scored -      0 filtered -    2 saved (no filtering)
      106 -    126 overlaps -    126 scored -     86 filtered -   40 saved (length * erate cutoff 5871.30)
      108 -      4 overlaps -      4 scored -      0 filtered -    4 saved (no filtering)
      109 -     38 overlaps -     38 scored -      0 filtered -   38 saved (no filtering)
      111 -      1 overlaps -      1 scored -      0 filtered -    1 saved (no filtering)
      112 -     84 overlaps -     84 scored -     44 filtered -   40 saved (length * erate cutoff 4743.31)
      113 -      6 overlaps -      6 scored -      0 filtered -    6 saved (no filtering)
      115 -     22 overlaps -     22 scored -      0 filtered -   22 saved (no filtering)
      117 -      5 overlaps -      5 scored -      0 filtered -    5 saved (no filtering)
      118 -     55 overlaps -     55 scored -     15 filtered -   40 saved (length * erate cutoff 5940.41)
      121 -    107 overlaps -    107 scored -     67 filtered -   40 saved (length * erate cutoff 5917.15)
      123 -      4 overlaps -      4 scored -      0 filtered -    4 saved (no filtering)
      124 -    177 overlaps -    177 scored -    137 filtered -   40 saved (length * erate cutoff 10204.89)
      125 -      8 overlaps -      8 scored -      0 filtered -    8 saved (no filtering)
      126 -     11 overlaps -     11 scored -      0 filtered -   11 saved (no filtering)
      127 -    102 overlaps -    102 scored -     62 filtered -   40 saved (length * erate cutoff 6472.11)
      128 -      2 overlaps -      2 scored -      0 filtered -    2 saved (no filtering)
      129 -     16 overlaps -     16 scored -      0 filtered -   16 saved (no filtering)
      130 -    148 overlaps -    148 scored -    108 filtered -   40 saved (length * erate cutoff 6944.36)
      132 -      8 overlaps -      8 scored -      0 filtered -    8 saved (no filtering)
      133 -    108 overlaps -    108 scored -     68 filtered -   40 saved (length * erate cutoff 8496.23)
      135 -      1 overlaps -      1 scored -      0 filtered -    1 saved (no filtering)
      136 -    107 overlaps -    107 scored -     67 filtered -   40 saved (length * erate cutoff 8770.22)
      139 -     84 overlaps -     84 scored -     44 filtered -   40 saved (length * erate cutoff 4986.60)
      142 -    120 overlaps -    120 scored -     80 filtered -   40 saved (length * erate cutoff 8586.31)
      144 -      1 overlaps -      1 scored -      0 filtered -    1 saved (no filtering)
      145 -    115 overlaps -    115 scored -     75 filtered -   40 saved (length * erate cutoff 5687.60)
      147 -      3 overlaps -      3 scored -      0 filtered -    3 saved (no filtering)
      148 -     42 overlaps -     42 scored -      2 filtered -   40 saved (length * erate cutoff 1555.21)
      151 -      7 overlaps -      7 scored -      0 filtered -    7 saved (no filtering)
      154 -     27 overlaps -     27 scored -      0 filtered -   27 saved (no filtering)
      156 -      1 overlaps -      1 scored -      0 filtered -    1 saved (no filtering)
      157 -     58 overlaps -     58 scored -     18 filtered -   40 saved (length * erate cutoff 5220.36)
      159 -      2 overlaps -      2 scored -      0 filtered -    2 saved (no filtering)
      160 -     48 overlaps -     48 scored -      8 filtered -   40 saved (length * erate cutoff 3411.93)
      162 -      1 overlaps -      1 scored -      0 filtered -    1 saved (no filtering)
      163 -      1 overlaps -      1 scored -      0 filtered -    1 saved (no filtering)
      167 -      2 overlaps -      2 scored -      0 filtered -    2 saved (no filtering)
      168 -      3 overlaps -      3 scored -      0 filtered -    3 saved (no filtering)
      169 -    110 overlaps -    110 scored -     70 filtered -   40 saved (length * erate cutoff 7657.42)
      172 -     78 overlaps -     78 scored -     38 filtered -   40 saved (length * erate cutoff 2804.46)
      174 -      4 overlaps -      4 scored -      0 filtered -    4 saved (no filtering)
      175 -     92 overlaps -     92 scored -     52 filtered -   40 saved (length * erate cutoff 8628.53)
      178 -      4 overlaps -      4 scored -      0 filtered -    4 saved (no filtering)
      181 -     41 overlaps -     41 scored -      1 filtered -   40 saved (length * erate cutoff 1130.24)
      184 -     34 overlaps -     34 scored -      0 filtered -   34 saved (no filtering)
      187 -     80 overlaps -     80 scored -     40 filtered -   40 saved (length * erate cutoff 5847.32)
      189 -      8 overlaps -      8 scored -      0 filtered -    8 saved (no filtering)
      190 -     36 overlaps -     36 scored -      0 filtered -   36 saved (no filtering)
      192 -      1 overlaps -      1 scored -      0 filtered -    1 saved (no filtering)
      193 -     34 overlaps -     34 scored -      0 filtered -   34 saved (no filtering)
      196 -      1 overlaps -      1 scored -      0 filtered -    1 saved (no filtering)
      199 -     90 overlaps -     90 scored -     50 filtered -   40 saved (length * erate cutoff 4604.47)
      202 -    132 overlaps -    132 scored -     92 filtered -   40 saved (length * erate cutoff 9616.66)
      203 -      2 overlaps -      2 scored -      0 filtered -    2 saved (no filtering)
      204 -     20 overlaps -     20 scored -      0 filtered -   20 saved (no filtering)
      205 -     43 overlaps -     43 scored -      3 filtered -   40 saved (length * erate cutoff 2076.75)
      206 -      1 overlaps -      1 scored -      0 filtered -    1 saved (no filtering)
      208 -     97 overlaps -     97 scored -     57 filtered -   40 saved (length * erate cutoff 3230.35)
      211 -     50 overlaps -     50 scored -     10 filtered -   40 saved (length * erate cutoff 4668.83)
      217 -    136 overlaps -    136 scored -     96 filtered -   40 saved (length * erate cutoff 9638.43)
      219 -      2 overlaps -      2 scored -      0 filtered -    2 saved (no filtering)
      220 -     70 overlaps -     70 scored -     30 filtered -   40 saved (length * erate cutoff 2839.61)
      223 -     86 overlaps -     86 scored -     46 filtered -   40 saved (length * erate cutoff 4832.46)
      225 -      8 overlaps -      8 scored -      0 filtered -    8 saved (no filtering)
      226 -    151 overlaps -    151 scored -    111 filtered -   40 saved (length * erate cutoff 10023.45)
      228 -      7 overlaps -      7 scored -      0 filtered -    7 saved (no filtering)
      232 -    172 overlaps -    172 scored -    132 filtered -   40 saved (length * erate cutoff 7550.87)
      234 -      8 overlaps -      8 scored -      0 filtered -    8 saved (no filtering)
      235 -      2 overlaps -      2 scored -      0 filtered -    2 saved (no filtering)
      238 -     66 overlaps -     66 scored -     26 filtered -   40 saved (length * erate cutoff 6122.45)
      241 -     47 overlaps -     47 scored -      7 filtered -   40 saved (length * erate cutoff 2565.22)
      243 -      1 overlaps -      1 scored -      0 filtered -    1 saved (no filtering)
      247 -     53 overlaps -     53 scored -     13 filtered -   40 saved (length * erate cutoff 3093.93)
      249 -      4 overlaps -      4 scored -      0 filtered -    4 saved (no filtering)
      250 -     65 overlaps -     65 scored -     25 filtered -   40 saved (length * erate cutoff 4469.92)
      252 -      8 overlaps -      8 scored -      0 filtered -    8 saved (no filtering)
      253 -     83 overlaps -     83 scored -     43 filtered -   40 saved (length * erate cutoff 6163.21)
      255 -      1 overlaps -      1 scored -      0 filtered -    1 saved (no filtering)
      256 -    131 overlaps -    131 scored -     91 filtered -   40 saved (length * erate cutoff 5701.79)
      258 -      6 overlaps -      6 scored -      0 filtered -    6 saved (no filtering)
      259 -     73 overlaps -     73 scored -     33 filtered -   40 saved (length * erate cutoff 5660.10)
      261 -      1 overlaps -      1 scored -      0 filtered -    1 saved (no filtering)
      262 -     95 overlaps -     95 scored -     55 filtered -   40 saved (length * erate cutoff 8245.84)
      264 -      4 overlaps -      4 scored -      0 filtered -    4 saved (no filtering)
      265 -    123 overlaps -    123 scored -     83 filtered -   40 saved (length * erate cutoff 7417.48)
      267 -     12 overlaps -     12 scored -      0 filtered -   12 saved (no filtering)
      268 -     76 overlaps -     76 scored -     36 filtered -   40 saved (length * erate cutoff 6614.73)
      270 -      1 overlaps -      1 scored -      0 filtered -    1 saved (no filtering)
      271 -     47 overlaps -     47 scored -      7 filtered -   40 saved (length * erate cutoff 4106.54)
      274 -    113 overlaps -    113 scored -     73 filtered -   40 saved (length * erate cutoff 5811.33)
      276 -      9 overlaps -      9 scored -      0 filtered -    9 saved (no filtering)
      277 -      8 overlaps -      8 scored -      0 filtered -    8 saved (no filtering)
      283 -     19 overlaps -     19 scored -      0 filtered -   19 saved (no filtering)
      286 -    148 overlaps -    148 scored -    108 filtered -   40 saved (length * erate cutoff 6787.88)
      287 -      1 overlaps -      1 scored -      0 filtered -    1 saved (no filtering)
      288 -     31 overlaps -     31 scored -      0 filtered -   31 saved (no filtering)
      289 -     54 overlaps -     54 scored -     14 filtered -   40 saved (length * erate cutoff 1287.33)
      290 -      1 overlaps -      1 scored -      0 filtered -    1 saved (no filtering)
      291 -      6 overlaps -      6 scored -      0 filtered -    6 saved (no filtering)
      292 -     77 overlaps -     77 scored -     37 filtered -   40 saved (length * erate cutoff 6533.41)
      294 -      9 overlaps -      9 scored -      0 filtered -    9 saved (no filtering)
      298 -     96 overlaps -     96 scored -     56 filtered -   40 saved (length * erate cutoff 4695.71)
      301 -     74 overlaps -     74 scored -     34 filtered -   40 saved (length * erate cutoff 2583.32)
      303 -      1 overlaps -      1 scored -      0 filtered -    1 saved (no filtering)
      304 -     93 overlaps -     93 scored -     53 filtered -   40 saved (length * erate cutoff 5135.85)
      306 -      3 overlaps -      3 scored -      0 filtered -    3 saved (no filtering)
      307 -     24 overlaps -     24 scored -      0 filtered -   24 saved (no filtering)
      309 -      1 overlaps -      1 scored -      0 filtered -    1 saved (no filtering)
      313 -    165 overlaps -    165 scored -    125 filtered -   40 saved (length * erate cutoff 7552.32)
      314 -      1 overlaps -      1 scored -      0 filtered -    1 saved (no filtering)
      315 -      3 overlaps -      3 scored -      0 filtered -    3 saved (no filtering)
      319 -    101 overlaps -    101 scored -     61 filtered -   40 saved (length * erate cutoff 6031.62)
      321 -      1 overlaps -      1 scored -      0 filtered -    1 saved (no filtering)
      322 -     86 overlaps -     86 scored -     46 filtered -   40 saved (length * erate cutoff 5888.50)
      324 -      5 overlaps -      5 scored -      0 filtered -    5 saved (no filtering)
      328 -    134 overlaps -    134 scored -     94 filtered -   40 saved (length * erate cutoff 9368.83)
      330 -      9 overlaps -      9 scored -      0 filtered -    9 saved (no filtering)
      334 -    216 overlaps -    216 scored -    176 filtered -   40 saved (length * erate cutoff 11162.97)
      336 -      3 overlaps -      3 scored -      0 filtered -    3 saved (no filtering)
      337 -     60 overlaps -     60 scored -     20 filtered -   40 saved (length * erate cutoff 6472.69)
      339 -      1 overlaps -      1 scored -      0 filtered -    1 saved (no filtering)
      341 -      7 overlaps -      7 scored -      0 filtered -    7 saved (no filtering)
      342 -      4 overlaps -      4 scored -      0 filtered -    4 saved (no filtering)
      343 -     68 overlaps -     68 scored -     28 filtered -   40 saved (length * erate cutoff 6482.60)
      346 -     20 overlaps -     20 scored -      0 filtered -   20 saved (no filtering)
      349 -     48 overlaps -     48 scored -      8 filtered -   40 saved (length * erate cutoff 2860.02)
      351 -      1 overlaps -      1 scored -      0 filtered -    1 saved (no filtering)
      355 -    109 overlaps -    109 scored -     69 filtered -   40 saved (length * erate cutoff 7508.08)
      357 -     12 overlaps -     12 scored -      0 filtered -   12 saved (no filtering)
      358 -     63 overlaps -     63 scored -     23 filtered -   40 saved (length * erate cutoff 4546.59)
      360 -      5 overlaps -      5 scored -      0 filtered -    5 saved (no filtering)
      361 -     86 overlaps -     86 scored -     46 filtered -   40 saved (length * erate cutoff 6708.83)
      363 -      1 overlaps -      1 scored -      0 filtered -    1 saved (no filtering)
      367 -      1 overlaps -      1 scored -      0 filtered -    1 saved (no filtering)
      370 -     25 overlaps -     25 scored -      0 filtered -   25 saved (no filtering)
      373 -     69 overlaps -     69 scored -     29 filtered -   40 saved (length * erate cutoff 2890.77)
      376 -      1 overlaps -      1 scored -      0 filtered -    1 saved (no filtering)
      379 -     30 overlaps -     30 scored -      0 filtered -   30 saved (no filtering)
      381 -      7 overlaps -      7 scored -      0 filtered -    7 saved (no filtering)
      382 -     37 overlaps -     37 scored -      0 filtered -   37 saved (no filtering)
      385 -    139 overlaps -    139 scored -     99 filtered -   40 saved (length * erate cutoff 7536.66)
      387 -      2 overlaps -      2 scored -      0 filtered -    2 saved (no filtering)
      388 -     98 overlaps -     98 scored -     58 filtered -   40 saved (length * erate cutoff 4573.81)
      390 -      4 overlaps -      4 scored -      0 filtered -    4 saved (no filtering)
      391 -    120 overlaps -    120 scored -     80 filtered -   40 saved (length * erate cutoff 10030.44)
      393 -      1 overlaps -      1 scored -      0 filtered -    1 saved (no filtering)
      394 -    105 overlaps -    105 scored -     65 filtered -   40 saved (length * erate cutoff 8631.59)
      396 -      3 overlaps -      3 scored -      0 filtered -    3 saved (no filtering)
      397 -     14 overlaps -     14 scored -      0 filtered -   14 saved (no filtering)
      403 -     69 overlaps -     69 scored -     29 filtered -   40 saved (length * erate cutoff 3430.32)
      405 -      1 overlaps -      1 scored -      0 filtered -    1 saved (no filtering)
      406 -     53 overlaps -     53 scored -     13 filtered -   40 saved (length * erate cutoff 6418.76)
      409 -    103 overlaps -    103 scored -     63 filtered -   40 saved (length * erate cutoff 4080.60)
      411 -     20 overlaps -     20 scored -      0 filtered -   20 saved (no filtering)
      412 -     78 overlaps -     78 scored -     38 filtered -   40 saved (length * erate cutoff 7363.02)
      413 -      1 overlaps -      1 scored -      0 filtered -    1 saved (no filtering)
      415 -     49 overlaps -     49 scored -      9 filtered -   40 saved (length * erate cutoff 4977.15)
      418 -      8 overlaps -      8 scored -      0 filtered -    8 saved (no filtering)
      421 -      6 overlaps -      6 scored -      0 filtered -    6 saved (no filtering)
      427 -     70 overlaps -     70 scored -     30 filtered -   40 saved (length * erate cutoff 6868.83)
      429 -     14 overlaps -     14 scored -      0 filtered -   14 saved (no filtering)
      430 -    128 overlaps -    128 scored -     88 filtered -   40 saved (length * erate cutoff 8801.30)
      432 -     15 overlaps -     15 scored -      0 filtered -   15 saved (no filtering)
      433 -    118 overlaps -    118 scored -     78 filtered -   40 saved (length * erate cutoff 9571.06)
      436 -    191 overlaps -    191 scored -    151 filtered -   40 saved (length * erate cutoff 9085.01)
      437 -      2 overlaps -      2 scored -      0 filtered -    2 saved (no filtering)
      438 -      8 overlaps -      8 scored -      0 filtered -    8 saved (no filtering)
      439 -      8 overlaps -      8 scored -      0 filtered -    8 saved (no filtering)
      442 -    107 overlaps -    107 scored -     67 filtered -   40 saved (length * erate cutoff 4487.91)
      443 -      2 overlaps -      2 scored -      0 filtered -    2 saved (no filtering)
      444 -     17 overlaps -     17 scored -      0 filtered -   17 saved (no filtering)
      445 -     65 overlaps -     65 scored -     25 filtered -   40 saved (length * erate cutoff 4672.29)
      447 -     24 overlaps -     24 scored -      0 filtered -   24 saved (no filtering)
      448 -     21 overlaps -     21 scored -      0 filtered -   21 saved (no filtering)
      451 -      1 overlaps -      1 scored -      0 filtered -    1 saved (no filtering)
      454 -     75 overlaps -     75 scored -     35 filtered -   40 saved (length * erate cutoff 5546.29)
      457 -    129 overlaps -    129 scored -     89 filtered -   40 saved (length * erate cutoff 5972.76)
      459 -     13 overlaps -     13 scored -      0 filtered -   13 saved (no filtering)
      460 -     34 overlaps -     34 scored -      0 filtered -   34 saved (no filtering)
      463 -     50 overlaps -     50 scored -     10 filtered -   40 saved (length * erate cutoff 5846.64)
      469 -     49 overlaps -     49 scored -      9 filtered -   40 saved (length * erate cutoff 2998.75)
      473 -      1 overlaps -      1 scored -      0 filtered -    1 saved (no filtering)
      475 -    105 overlaps -    105 scored -     65 filtered -   40 saved (length * erate cutoff 5297.53)
      481 -    110 overlaps -    110 scored -     70 filtered -   40 saved (length * erate cutoff 8900.19)
      484 -      5 overlaps -      5 scored -      0 filtered -    5 saved (no filtering)
      486 -    134 overlaps -    134 scored -     94 filtered -   40 saved (length * erate cutoff 6241.87)
      487 -      1 overlaps -      1 scored -      0 filtered -    1 saved (no filtering)
      488 -     10 overlaps -     10 scored -      0 filtered -   10 saved (no filtering)
      489 -      9 overlaps -      9 scored -      0 filtered -    9 saved (no filtering)
      492 -    100 overlaps -    100 scored -     60 filtered -   40 saved (length * erate cutoff 5173.68)
      493 -      1 overlaps -      1 scored -      0 filtered -    1 saved (no filtering)
      497 -     11 overlaps -     11 scored -      0 filtered -   11 saved (no filtering)
      500 -    139 overlaps -    139 scored -     99 filtered -   40 saved (length * erate cutoff 7960.16)
      502 -      3 overlaps -      3 scored -      0 filtered -    3 saved (no filtering)
      506 -    108 overlaps -    108 scored -     68 filtered -   40 saved (length * erate cutoff 4229.35)
      507 -      1 overlaps -      1 scored -      0 filtered -    1 saved (no filtering)
      508 -      5 overlaps -      5 scored -      0 filtered -    5 saved (no filtering)
      509 -     63 overlaps -     63 scored -     23 filtered -   40 saved (length * erate cutoff 6113.50)
      512 -     93 overlaps -     93 scored -     53 filtered -   40 saved (length * erate cutoff 4162.23)
      513 -      1 overlaps -      1 scored -      0 filtered -    1 saved (no filtering)
      514 -      6 overlaps -      6 scored -      0 filtered -    6 saved (no filtering)
      515 -     88 overlaps -     88 scored -     48 filtered -   40 saved (length * erate cutoff 5480.13)
      517 -      1 overlaps -      1 scored -      0 filtered -    1 saved (no filtering)
      518 -     44 overlaps -     44 scored -      4 filtered -   40 saved (length * erate cutoff 1965.26)
      521 -     73 overlaps -     73 scored -     33 filtered -   40 saved (length * erate cutoff 3165.46)
      523 -      1 overlaps -      1 scored -      0 filtered -    1 saved (no filtering)
      524 -     91 overlaps -     91 scored -     51 filtered -   40 saved (length * erate cutoff 4870.56)
      526 -      2 overlaps -      2 scored -      0 filtered -    2 saved (no filtering)
      527 -    148 overlaps -    148 scored -    108 filtered -   40 saved (length * erate cutoff 10349.96)
      529 -     11 overlaps -     11 scored -      0 filtered -   11 saved (no filtering)
      533 -     83 overlaps -     83 scored -     43 filtered -   40 saved (length * erate cutoff 5026.31)
      535 -      1 overlaps -      1 scored -      0 filtered -    1 saved (no filtering)
      536 -    132 overlaps -    132 scored -     92 filtered -   40 saved (length * erate cutoff 6992.83)
      538 -      2 overlaps -      2 scored -      0 filtered -    2 saved (no filtering)
      539 -    107 overlaps -    107 scored -     67 filtered -   40 saved (length * erate cutoff 5817.72)
      541 -      3 overlaps -      3 scored -      0 filtered -    3 saved (no filtering)
      545 -     45 overlaps -     45 scored -      5 filtered -   40 saved (length * erate cutoff 1590.26)
      548 -     31 overlaps -     31 scored -      0 filtered -   31 saved (no filtering)
      550 -      1 overlaps -      1 scored -      0 filtered -    1 saved (no filtering)
      551 -    127 overlaps -    127 scored -     87 filtered -   40 saved (length * erate cutoff 5937.45)
      553 -     21 overlaps -     21 scored -      0 filtered -   21 saved (no filtering)
      554 -     68 overlaps -     68 scored -     28 filtered -   40 saved (length * erate cutoff 6822.33)
      556 -      1 overlaps -      1 scored -      0 filtered -    1 saved (no filtering)
      557 -     27 overlaps -     27 scored -      0 filtered -   27 saved (no filtering)
      560 -     96 overlaps -     96 scored -     56 filtered -   40 saved (length * erate cutoff 4499.16)
      563 -     72 overlaps -     72 scored -     32 filtered -   40 saved (length * erate cutoff 4006.83)
      565 -      1 overlaps -      1 scored -      0 filtered -    1 saved (no filtering)
      566 -     36 overlaps -     36 scored -      0 filtered -   36 saved (no filtering)
      568 -      1 overlaps -      1 scored -      0 filtered -    1 saved (no filtering)
      569 -      6 overlaps -      6 scored -      0 filtered -    6 saved (no filtering)
      572 -     72 overlaps -     72 scored -     32 filtered -   40 saved (length * erate cutoff 7103.10)
      574 -      2 overlaps -      2 scored -      0 filtered -    2 saved (no filtering)
      577 -      7 overlaps -      7 scored -      0 filtered -    7 saved (no filtering)
      578 -     67 overlaps -     67 scored -     27 filtered -   40 saved (length * erate cutoff 2172.06)
      579 -      1 overlaps -      1 scored -      0 filtered -    1 saved (no filtering)
      580 -     13 overlaps -     13 scored -      0 filtered -   13 saved (no filtering)
      581 -     75 overlaps -     75 scored -     35 filtered -   40 saved (length * erate cutoff 2621.48)
      583 -      1 overlaps -      1 scored -      0 filtered -    1 saved (no filtering)
      586 -      1 overlaps -      1 scored -      0 filtered -    1 saved (no filtering)
      587 -    131 overlaps -    131 scored -     91 filtered -   40 saved (length * erate cutoff 9709.12)
      589 -      3 overlaps -      3 scored -      0 filtered -    3 saved (no filtering)
      593 -     25 overlaps -     25 scored -      0 filtered -   25 saved (no filtering)
      595 -      2 overlaps -      2 scored -      0 filtered -    2 saved (no filtering)
      596 -      4 overlaps -      4 scored -      0 filtered -    4 saved (no filtering)
      599 -     54 overlaps -     54 scored -     14 filtered -   40 saved (length * erate cutoff 5953.51)
      602 -     76 overlaps -     76 scored -     36 filtered -   40 saved (length * erate cutoff 3228.74)
      603 -      4 overlaps -      4 scored -      0 filtered -    4 saved (no filtering)
      608 -    134 overlaps -    134 scored -     94 filtered -   40 saved (length * erate cutoff 10029.99)
      610 -      3 overlaps -      3 scored -      0 filtered -    3 saved (no filtering)
      611 -    140 overlaps -    140 scored -    100 filtered -   40 saved (length * erate cutoff 9408.08)
      613 -      1 overlaps -      1 scored -      0 filtered -    1 saved (no filtering)
      614 -     84 overlaps -     84 scored -     44 filtered -   40 saved (length * erate cutoff 7981.86)
      617 -     66 overlaps -     66 scored -     26 filtered -   40 saved (length * erate cutoff 6401.79)
      619 -      7 overlaps -      7 scored -      0 filtered -    7 saved (no filtering)
      620 -     95 overlaps -     95 scored -     55 filtered -   40 saved (length * erate cutoff 4589.18)
      623 -     39 overlaps -     39 scored -      0 filtered -   39 saved (no filtering)
      625 -      1 overlaps -      1 scored -      0 filtered -    1 saved (no filtering)
      626 -     99 overlaps -     99 scored -     59 filtered -   40 saved (length * erate cutoff 7695.02)
      628 -      1 overlaps -      1 scored -      0 filtered -    1 saved (no filtering)
      629 -      3 overlaps -      3 scored -      0 filtered -    3 saved (no filtering)
      633 -      2 overlaps -      2 scored -      0 filtered -    2 saved (no filtering)
      635 -     63 overlaps -     63 scored -     23 filtered -   40 saved (length * erate cutoff 3775.46)
      637 -      1 overlaps -      1 scored -      0 filtered -    1 saved (no filtering)
      638 -     83 overlaps -     83 scored -     43 filtered -   40 saved (length * erate cutoff 6639.43)
      641 -     48 overlaps -     48 scored -      8 filtered -   40 saved (length * erate cutoff 2240.28)
      644 -     49 overlaps -     49 scored -      9 filtered -   40 saved (length * erate cutoff 5551.65)
      648 -      1 overlaps -      1 scored -      0 filtered -    1 saved (no filtering)
      649 -     23 overlaps -     23 scored -      0 filtered -   23 saved (no filtering)
      659 -     16 overlaps -     16 scored -      0 filtered -   16 saved (no filtering)
      662 -     89 overlaps -     89 scored -     49 filtered -   40 saved (length * erate cutoff 6532.14)
      663 -      1 overlaps -      1 scored -      0 filtered -    1 saved (no filtering)
      664 -     17 overlaps -     17 scored -      0 filtered -   17 saved (no filtering)
      668 -    142 overlaps -    142 scored -    102 filtered -   40 saved (length * erate cutoff 6166.80)
      669 -      1 overlaps -      1 scored -      0 filtered -    1 saved (no filtering)
      671 -    127 overlaps -    127 scored -     87 filtered -   40 saved (length * erate cutoff 9819.02)
      673 -     13 overlaps -     13 scored -      0 filtered -   13 saved (no filtering)
      674 -    113 overlaps -    113 scored -     73 filtered -   40 saved (length * erate cutoff 6107.01)
      676 -      2 overlaps -      2 scored -      0 filtered -    2 saved (no filtering)
      677 -    130 overlaps -    130 scored -     90 filtered -   40 saved (length * erate cutoff 6386.52)
      679 -      2 overlaps -      2 scored -      0 filtered -    2 saved (no filtering)
      680 -     50 overlaps -     50 scored -     10 filtered -   40 saved (length * erate cutoff 2738.00)
      682 -      1 overlaps -      1 scored -      0 filtered -    1 saved (no filtering)
      683 -     53 overlaps -     53 scored -     13 filtered -   40 saved (length * erate cutoff 3677.61)
      684 -      1 overlaps -      1 scored -      0 filtered -    1 saved (no filtering)
      686 -    148 overlaps -    148 scored -    108 filtered -   40 saved (length * erate cutoff 7544.07)
      688 -      9 overlaps -      9 scored -      0 filtered -    9 saved (no filtering)
      692 -     49 overlaps -     49 scored -      9 filtered -   40 saved (length * erate cutoff 3862.80)
      695 -     77 overlaps -     77 scored -     37 filtered -   40 saved (length * erate cutoff 6865.67)
      697 -      8 overlaps -      8 scored -      0 filtered -    8 saved (no filtering)
      701 -     89 overlaps -     89 scored -     49 filtered -   40 saved (length * erate cutoff 6289.88)
      704 -     94 overlaps -     94 scored -     54 filtered -   40 saved (length * erate cutoff 4989.82)
      706 -      3 overlaps -      3 scored -      0 filtered -    3 saved (no filtering)
      707 -     49 overlaps -     49 scored -      9 filtered -   40 saved (length * erate cutoff 2195.05)
      709 -     12 overlaps -     12 scored -      0 filtered -   12 saved (no filtering)
      710 -     83 overlaps -     83 scored -     43 filtered -   40 saved (length * erate cutoff 3705.56)
      711 -      1 overlaps -      1 scored -      0 filtered -    1 saved (no filtering)
      712 -      1 overlaps -      1 scored -      0 filtered -    1 saved (no filtering)
      715 -      1 overlaps -      1 scored -      0 filtered -    1 saved (no filtering)
      716 -    162 overlaps -    162 scored -    122 filtered -   40 saved (length * erate cutoff 7590.95)
      717 -      1 overlaps -      1 scored -      0 filtered -    1 saved (no filtering)
      718 -     19 overlaps -     19 scored -      0 filtered -   19 saved (no filtering)
      719 -     98 overlaps -     98 scored -     58 filtered -   40 saved (length * erate cutoff 6377.69)
      721 -      2 overlaps -      2 scored -      0 filtered -    2 saved (no filtering)
      722 -      3 overlaps -      3 scored -      0 filtered -    3 saved (no filtering)
      725 -    133 overlaps -    133 scored -     93 filtered -   40 saved (length * erate cutoff 5181.84)
      726 -      1 overlaps -      1 scored -      0 filtered -    1 saved (no filtering)
      727 -      6 overlaps -      6 scored -      0 filtered -    6 saved (no filtering)
      728 -     87 overlaps -     87 scored -     47 filtered -   40 saved (length * erate cutoff 4702.68)
      730 -      1 overlaps -      1 scored -      0 filtered -    1 saved (no filtering)
      731 -      1 overlaps -      1 scored -      0 filtered -    1 saved (no filtering)
      734 -     52 overlaps -     52 scored -     12 filtered -   40 saved (length * erate cutoff 2190.88)
      736 -      2 overlaps -      2 scored -      0 filtered -    2 saved (no filtering)
      737 -     86 overlaps -     86 scored -     46 filtered -   40 saved (length * erate cutoff 8134.05)
      740 -     21 overlaps -     21 scored -      0 filtered -   21 saved (no filtering)
      752 -     15 overlaps -     15 scored -      0 filtered -   15 saved (no filtering)
      755 -     47 overlaps -     47 scored -      7 filtered -   40 saved (length * erate cutoff 2984.64)
      760 -      1 overlaps -      1 scored -      0 filtered -    1 saved (no filtering)
      761 -     92 overlaps -     92 scored -     52 filtered -   40 saved (length * erate cutoff 6866.23)
      762 -      2 overlaps -      2 scored -      0 filtered -    2 saved (no filtering)
      763 -      8 overlaps -      8 scored -      0 filtered -    8 saved (no filtering)
      764 -    149 overlaps -    149 scored -    109 filtered -   40 saved (length * erate cutoff 10513.17)
      766 -      4 overlaps -      4 scored -      0 filtered -    4 saved (no filtering)
      767 -     26 overlaps -     26 scored -      0 filtered -   26 saved (no filtering)
      770 -     76 overlaps -     76 scored -     36 filtered -   40 saved (length * erate cutoff 3264.81)
      772 -      2 overlaps -      2 scored -      0 filtered -    2 saved (no filtering)
      773 -     89 overlaps -     89 scored -     49 filtered -   40 saved (length * erate cutoff 7695.04)
      779 -     98 overlaps -     98 scored -     58 filtered -   40 saved (length * erate cutoff 4064.14)
      781 -      2 overlaps -      2 scored -      0 filtered -    2 saved (no filtering)
      782 -    113 overlaps -    113 scored -     73 filtered -   40 saved (length * erate cutoff 7770.00)
      784 -     13 overlaps -     13 scored -      0 filtered -   13 saved (no filtering)
      785 -     12 overlaps -     12 scored -      0 filtered -   12 saved (no filtering)
      786 -      3 overlaps -      3 scored -      0 filtered -    3 saved (no filtering)
      787 -     97 overlaps -     97 scored -     57 filtered -   40 saved (length * erate cutoff 3646.17)
      788 -      1 overlaps -      1 scored -      0 filtered -    1 saved (no filtering)
      789 -      8 overlaps -      8 scored -      0 filtered -    8 saved (no filtering)
      790 -      1 overlaps -      1 scored -      0 filtered -    1 saved (no filtering)
      793 -     89 overlaps -     89 scored -     49 filtered -   40 saved (length * erate cutoff 7721.26)
      795 -     47 overlaps -     47 scored -      7 filtered -   40 saved (length * erate cutoff 4396.30)
      796 -      4 overlaps -      4 scored -      0 filtered -    4 saved (no filtering)
      799 -     93 overlaps -     93 scored -     53 filtered -   40 saved (length * erate cutoff 7147.71)
      801 -      3 overlaps -      3 scored -      0 filtered -    3 saved (no filtering)
      802 -      4 overlaps -      4 scored -      0 filtered -    4 saved (no filtering)
      805 -    142 overlaps -    142 scored -    102 filtered -   40 saved (length * erate cutoff 7205.59)
      807 -      6 overlaps -      6 scored -      0 filtered -    6 saved (no filtering)
      808 -    164 overlaps -    164 scored -    124 filtered -   40 saved (length * erate cutoff 6761.27)
      809 -      4 overlaps -      4 scored -      0 filtered -    4 saved (no filtering)
      810 -      5 overlaps -      5 scored -      0 filtered -    5 saved (no filtering)
      811 -     56 overlaps -     56 scored -     16 filtered -   40 saved (length * erate cutoff 2783.09)
      814 -     45 overlaps -     45 scored -      5 filtered -   40 saved (length * erate cutoff 2086.23)
      817 -      4 overlaps -      4 scored -      0 filtered -    4 saved (no filtering)
      820 -    107 overlaps -    107 scored -     67 filtered -   40 saved (length * erate cutoff 4873.98)
      823 -     93 overlaps -     93 scored -     53 filtered -   40 saved (length * erate cutoff 7652.10)
      826 -     95 overlaps -     95 scored -     55 filtered -   40 saved (length * erate cutoff 6125.15)
      828 -      4 overlaps -      4 scored -      0 filtered -    4 saved (no filtering)
      831 -      2 overlaps -      2 scored -      0 filtered -    2 saved (no filtering)
      832 -     27 overlaps -     27 scored -      0 filtered -   27 saved (no filtering)
      834 -      1 overlaps -      1 scored -      0 filtered -    1 saved (no filtering)
      835 -     75 overlaps -     75 scored -     35 filtered -   40 saved (length * erate cutoff 4157.64)
      838 -     97 overlaps -     97 scored -     57 filtered -   40 saved (length * erate cutoff 6420.26)
      840 -      9 overlaps -      9 scored -      0 filtered -    9 saved (no filtering)
      841 -     83 overlaps -     83 scored -     43 filtered -   40 saved (length * erate cutoff 3796.09)
      844 -    115 overlaps -    115 scored -     75 filtered -   40 saved (length * erate cutoff 8275.49)
      846 -      2 overlaps -      2 scored -      0 filtered -    2 saved (no filtering)
      847 -     50 overlaps -     50 scored -     10 filtered -   40 saved (length * erate cutoff 3971.83)
      850 -     62 overlaps -     62 scored -     22 filtered -   40 saved (length * erate cutoff 2842.56)
      852 -     25 overlaps -     25 scored -      0 filtered -   25 saved (no filtering)
      854 -      4 overlaps -      4 scored -      0 filtered -    4 saved (no filtering)
      856 -     12 overlaps -     12 scored -      0 filtered -   12 saved (no filtering)
      858 -      4 overlaps -      4 scored -      0 filtered -    4 saved (no filtering)
      862 -     26 overlaps -     26 scored -      0 filtered -   26 saved (no filtering)
      865 -    114 overlaps -    114 scored -     74 filtered -   40 saved (length * erate cutoff 5076.43)
      867 -      3 overlaps -      3 scored -      0 filtered -    3 saved (no filtering)
      869 -      1 overlaps -      1 scored -      0 filtered -    1 saved (no filtering)
      870 -      8 overlaps -      8 scored -      0 filtered -    8 saved (no filtering)
      871 -     77 overlaps -     77 scored -     37 filtered -   40 saved (length * erate cutoff 6519.74)
      877 -    169 overlaps -    169 scored -    129 filtered -   40 saved (length * erate cutoff 9835.35)
      878 -      1 overlaps -      1 scored -      0 filtered -    1 saved (no filtering)
      879 -     25 overlaps -     25 scored -      0 filtered -   25 saved (no filtering)
      886 -     83 overlaps -     83 scored -     43 filtered -   40 saved (length * erate cutoff 6913.68)
      889 -    120 overlaps -    120 scored -     80 filtered -   40 saved (length * erate cutoff 7251.91)
      892 -     74 overlaps -     74 scored -     34 filtered -   40 saved (length * erate cutoff 3844.96)
      895 -     15 overlaps -     15 scored -      0 filtered -   15 saved (no filtering)
      898 -      9 overlaps -      9 scored -      0 filtered -    9 saved (no filtering)
      901 -     47 overlaps -     47 scored -      7 filtered -   40 saved (length * erate cutoff 4825.71)
      910 -    127 overlaps -    127 scored -     87 filtered -   40 saved (length * erate cutoff 9198.39)
      912 -      5 overlaps -      5 scored -      0 filtered -    5 saved (no filtering)
      916 -     38 overlaps -     38 scored -      0 filtered -   38 saved (no filtering)
      919 -     95 overlaps -     95 scored -     55 filtered -   40 saved (length * erate cutoff 7526.18)
      920 -      1 overlaps -      1 scored -      0 filtered -    1 saved (no filtering)
      921 -     11 overlaps -     11 scored -      0 filtered -   11 saved (no filtering)
      925 -    120 overlaps -    120 scored -     80 filtered -   40 saved (length * erate cutoff 9127.41)
      927 -      2 overlaps -      2 scored -      0 filtered -    2 saved (no filtering)
      934 -    100 overlaps -    100 scored -     60 filtered -   40 saved (length * erate cutoff 8262.62)
      936 -     18 overlaps -     18 scored -      0 filtered -   18 saved (no filtering)
      940 -      6 overlaps -      6 scored -      0 filtered -    6 saved (no filtering)
      943 -    106 overlaps -    106 scored -     66 filtered -   40 saved (length * erate cutoff 9052.60)
      945 -      7 overlaps -      7 scored -      0 filtered -    7 saved (no filtering)
      946 -    130 overlaps -    130 scored -     90 filtered -   40 saved (length * erate cutoff 8841.14)
      948 -     27 overlaps -     27 scored -      0 filtered -   27 saved (no filtering)
      949 -     53 overlaps -     53 scored -     13 filtered -   40 saved (length * erate cutoff 2209.23)
      955 -     73 overlaps -     73 scored -     33 filtered -   40 saved (length * erate cutoff 7110.31)
      958 -     39 overlaps -     39 scored -      0 filtered -   39 saved (no filtering)
      961 -     53 overlaps -     53 scored -     13 filtered -   40 saved (length * erate cutoff 6174.89)
      964 -     97 overlaps -     97 scored -     57 filtered -   40 saved (length * erate cutoff 7052.15)
      966 -     28 overlaps -     28 scored -      0 filtered -   28 saved (no filtering)
      967 -     83 overlaps -     83 scored -     43 filtered -   40 saved (length * erate cutoff 3422.92)
      970 -    145 overlaps -    145 scored -    105 filtered -   40 saved (length * erate cutoff 6799.71)
      972 -     20 overlaps -     20 scored -      0 filtered -   20 saved (no filtering)
      973 -     30 overlaps -     30 scored -      0 filtered -   30 saved (no filtering)
      976 -     58 overlaps -     58 scored -     18 filtered -   40 saved (length * erate cutoff 4197.73)
      981 -      4 overlaps -      4 scored -      0 filtered -    4 saved (no filtering)
      982 -     65 overlaps -     65 scored -     25 filtered -   40 saved (length * erate cutoff 6600.40)
      985 -     38 overlaps -     38 scored -      0 filtered -   38 saved (no filtering)
      986 -      1 overlaps -      1 scored -      0 filtered -    1 saved (no filtering)
      991 -    155 overlaps -    155 scored -    115 filtered -   40 saved (length * erate cutoff 7145.10)
      993 -     16 overlaps -     16 scored -      0 filtered -   16 saved (no filtering)
      994 -     96 overlaps -     96 scored -     56 filtered -   40 saved (length * erate cutoff 6080.35)
      996 -      2 overlaps -      2 scored -      0 filtered -    2 saved (no filtering)
      997 -    154 overlaps -    154 scored -    114 filtered -   40 saved (length * erate cutoff 9865.15)
     1001 -      3 overlaps -      3 scored -      0 filtered -    3 saved (no filtering)
     1002 -      5 overlaps -      5 scored -      0 filtered -    5 saved (no filtering)
     1004 -     10 overlaps -     10 scored -      0 filtered -   10 saved (no filtering)
     1006 -      1 overlaps -      1 scored -      0 filtered -    1 saved (no filtering)
     1007 -    171 overlaps -    171 scored -    131 filtered -   40 saved (length * erate cutoff 7705.13)
     1008 -      5 overlaps -      5 scored -      0 filtered -    5 saved (no filtering)
     1009 -     30 overlaps -     30 scored -      0 filtered -   30 saved (no filtering)
     1010 -    142 overlaps -    142 scored -    102 filtered -   40 saved (length * erate cutoff 5262.68)
     1011 -      1 overlaps -      1 scored -      0 filtered -    1 saved (no filtering)
     1012 -     16 overlaps -     16 scored -      0 filtered -   16 saved (no filtering)
     1013 -     84 overlaps -     84 scored -     44 filtered -   40 saved (length * erate cutoff 2402.90)
     1015 -      7 overlaps -      7 scored -      0 filtered -    7 saved (no filtering)
     1016 -    101 overlaps -    101 scored -     61 filtered -   40 saved (length * erate cutoff 5523.46)
     1018 -      1 overlaps -      1 scored -      0 filtered -    1 saved (no filtering)
     1022 -    109 overlaps -    109 scored -     69 filtered -   40 saved (length * erate cutoff 9047.15)
     1024 -      7 overlaps -      7 scored -      0 filtered -    7 saved (no filtering)
     1028 -     98 overlaps -     98 scored -     58 filtered -   40 saved (length * erate cutoff 3877.03)
     1029 -      3 overlaps -      3 scored -      0 filtered -    3 saved (no filtering)
     1030 -      4 overlaps -      4 scored -      0 filtered -    4 saved (no filtering)
     1031 -    130 overlaps -    130 scored -     90 filtered -   40 saved (length * erate cutoff 6831.57)
     1033 -      1 overlaps -      1 scored -      0 filtered -    1 saved (no filtering)
     1034 -      8 overlaps -      8 scored -      0 filtered -    8 saved (no filtering)
     1040 -    102 overlaps -    102 scored -     62 filtered -   40 saved (length * erate cutoff 5582.06)
     1042 -      1 overlaps -      1 scored -      0 filtered -    1 saved (no filtering)
     1043 -     18 overlaps -     18 scored -      0 filtered -   18 saved (no filtering)
     1046 -     13 overlaps -     13 scored -      0 filtered -   13 saved (no filtering)
     1049 -     26 overlaps -     26 scored -      0 filtered -   26 saved (no filtering)
     1052 -     17 overlaps -     17 scored -      0 filtered -   17 saved (no filtering)
     1055 -     79 overlaps -     79 scored -     39 filtered -   40 saved (length * erate cutoff 4664.92)
     1058 -    114 overlaps -    114 scored -     74 filtered -   40 saved (length * erate cutoff 4953.07)
     1060 -     29 overlaps -     29 scored -      0 filtered -   29 saved (no filtering)
     1061 -     78 overlaps -     78 scored -     38 filtered -   40 saved (length * erate cutoff 8083.23)
     1064 -     82 overlaps -     82 scored -     42 filtered -   40 saved (length * erate cutoff 4309.14)
     1066 -      2 overlaps -      2 scored -      0 filtered -    2 saved (no filtering)
     1067 -    120 overlaps -    120 scored -     80 filtered -   40 saved (length * erate cutoff 5948.05)
     1069 -      1 overlaps -      1 scored -      0 filtered -    1 saved (no filtering)
     1070 -     76 overlaps -     76 scored -     36 filtered -   40 saved (length * erate cutoff 2993.44)
     1073 -     50 overlaps -     50 scored -     10 filtered -   40 saved (length * erate cutoff 1664.37)
     1075 -      2 overlaps -      2 scored -      0 filtered -    2 saved (no filtering)
     1076 -     40 overlaps -     40 scored -      0 filtered -   40 saved (no filtering)
     1079 -     75 overlaps -     75 scored -     35 filtered -   40 saved (length * erate cutoff 4313.59)
     1081 -      2 overlaps -      2 scored -      0 filtered -    2 saved (no filtering)
     1085 -    119 overlaps -    119 scored -     79 filtered -   40 saved (length * erate cutoff 6176.95)
     1086 -      1 overlaps -      1 scored -      0 filtered -    1 saved (no filtering)
     1088 -    100 overlaps -    100 scored -     60 filtered -   40 saved (length * erate cutoff 5408.43)
     1090 -      1 overlaps -      1 scored -      0 filtered -    1 saved (no filtering)
     1109 -     14 overlaps -     14 scored -      0 filtered -   14 saved (no filtering)
     1111 -      2 overlaps -      2 scored -      0 filtered -    2 saved (no filtering)
     1112 -     81 overlaps -     81 scored -     41 filtered -   40 saved (length * erate cutoff 4265.69)
     1114 -      2 overlaps -      2 scored -      0 filtered -    2 saved (no filtering)
     1115 -     85 overlaps -     85 scored -     45 filtered -   40 saved (length * erate cutoff 6553.65)
     1118 -      1 overlaps -      1 scored -      0 filtered -    1 saved (no filtering)
     1124 -     89 overlaps -     89 scored -     49 filtered -   40 saved (length * erate cutoff 5634.72)
     1127 -     11 overlaps -     11 scored -      0 filtered -   11 saved (no filtering)
     1128 -     50 overlaps -     50 scored -     10 filtered -   40 saved (length * erate cutoff 2714.47)
     1129 -      1 overlaps -      1 scored -      0 filtered -    1 saved (no filtering)
     1131 -     71 overlaps -     71 scored -     31 filtered -   40 saved (length * erate cutoff 6739.65)
     1137 -     85 overlaps -     85 scored -     45 filtered -   40 saved (length * erate cutoff 4617.00)
     1140 -     42 overlaps -     42 scored -      2 filtered -   40 saved (length * erate cutoff 1720.79)
     1142 -      2 overlaps -      2 scored -      0 filtered -    2 saved (no filtering)
     1143 -     11 overlaps -     11 scored -      0 filtered -   11 saved (no filtering)
     1146 -     68 overlaps -     68 scored -     28 filtered -   40 saved (length * erate cutoff 2325.01)
     1148 -      4 overlaps -      4 scored -      0 filtered -    4 saved (no filtering)
     1152 -    128 overlaps -    128 scored -     88 filtered -   40 saved (length * erate cutoff 5777.92)
     1154 -      5 overlaps -      5 scored -      0 filtered -    5 saved (no filtering)
     1155 -     64 overlaps -     64 scored -     24 filtered -   40 saved (length * erate cutoff 3852.36)
     1157 -      1 overlaps -      1 scored -      0 filtered -    1 saved (no filtering)
     1161 -     70 overlaps -     70 scored -     30 filtered -   40 saved (length * erate cutoff 4297.14)
     1164 -    125 overlaps -    125 scored -     85 filtered -   40 saved (length * erate cutoff 6301.24)
     1165 -      1 overlaps -      1 scored -      0 filtered -    1 saved (no filtering)
     1166 -      1 overlaps -      1 scored -      0 filtered -    1 saved (no filtering)
     1170 -      1 overlaps -      1 scored -      0 filtered -    1 saved (no filtering)
     1173 -    140 overlaps -    140 scored -    100 filtered -   40 saved (length * erate cutoff 6572.42)
     1175 -      1 overlaps -      1 scored -      0 filtered -    1 saved (no filtering)
     1179 -    148 overlaps -    148 scored -    108 filtered -   40 saved (length * erate cutoff 6790.87)
     1181 -      9 overlaps -      9 scored -      0 filtered -    9 saved (no filtering)
     1188 -     88 overlaps -     88 scored -     48 filtered -   40 saved (length * erate cutoff 7441.46)
     1191 -     72 overlaps -     72 scored -     32 filtered -   40 saved (length * erate cutoff 4145.64)
     1193 -     13 overlaps -     13 scored -      0 filtered -   13 saved (no filtering)
     1197 -    102 overlaps -    102 scored -     62 filtered -   40 saved (length * erate cutoff 8431.40)
     1199 -      1 overlaps -      1 scored -      0 filtered -    1 saved (no filtering)
     1203 -     10 overlaps -     10 scored -      0 filtered -   10 saved (no filtering)
     1205 -     12 overlaps -     12 scored -      0 filtered -   12 saved (no filtering)
     1206 -      4 overlaps -      4 scored -      0 filtered -    4 saved (no filtering)
     1209 -     13 overlaps -     13 scored -      0 filtered -   13 saved (no filtering)
     1211 -      1 overlaps -      1 scored -      0 filtered -    1 saved (no filtering)
     1217 -      3 overlaps -      3 scored -      0 filtered -    3 saved (no filtering)
     1218 -     95 overlaps -     95 scored -     55 filtered -   40 saved (length * erate cutoff 4605.95)
     1220 -      2 overlaps -      2 scored -      0 filtered -    2 saved (no filtering)
     1221 -     92 overlaps -     92 scored -     52 filtered -   40 saved (length * erate cutoff 5485.38)
     1223 -      2 overlaps -      2 scored -      0 filtered -    2 saved (no filtering)
     1236 -      5 overlaps -      5 scored -      0 filtered -    5 saved (no filtering)
     1239 -    149 overlaps -    149 scored -    109 filtered -   40 saved (length * erate cutoff 6911.36)
     1241 -      1 overlaps -      1 scored -      0 filtered -    1 saved (no filtering)
     1242 -      4 overlaps -      4 scored -      0 filtered -    4 saved (no filtering)
     1245 -     74 overlaps -     74 scored -     34 filtered -   40 saved (length * erate cutoff 7653.10)
     1248 -    126 overlaps -    126 scored -     86 filtered -   40 saved (length * erate cutoff 6278.71)
     1251 -     91 overlaps -     91 scored -     51 filtered -   40 saved (length * erate cutoff 4691.57)
     1253 -      2 overlaps -      2 scored -      0 filtered -    2 saved (no filtering)
     1254 -     73 overlaps -     73 scored -     33 filtered -   40 saved (length * erate cutoff 4291.06)
     1256 -      7 overlaps -      7 scored -      0 filtered -    7 saved (no filtering)
     1257 -     68 overlaps -     68 scored -     28 filtered -   40 saved (length * erate cutoff 3840.16)
     1259 -      1 overlaps -      1 scored -      0 filtered -    1 saved (no filtering)
     1260 -      2 overlaps -      2 scored -      0 filtered -    2 saved (no filtering)
     1266 -    115 overlaps -    115 scored -     75 filtered -   40 saved (length * erate cutoff 5934.97)
     1268 -      3 overlaps -      3 scored -      0 filtered -    3 saved (no filtering)
     1275 -     62 overlaps -     62 scored -     22 filtered -   40 saved (length * erate cutoff 2359.27)
     1276 -      1 overlaps -      1 scored -      0 filtered -    1 saved (no filtering)
     1277 -      2 overlaps -      2 scored -      0 filtered -    2 saved (no filtering)
     1278 -     25 overlaps -     25 scored -      0 filtered -   25 saved (no filtering)
     1280 -      4 overlaps -      4 scored -      0 filtered -    4 saved (no filtering)
     1284 -     30 overlaps -     30 scored -      0 filtered -   30 saved (no filtering)
     1287 -     31 overlaps -     31 scored -      0 filtered -   31 saved (no filtering)
     1290 -     27 overlaps -     27 scored -      0 filtered -   27 saved (no filtering)
     1293 -    115 overlaps -    115 scored -     75 filtered -   40 saved (length * erate cutoff 7546.69)
     1295 -      3 overlaps -      3 scored -      0 filtered -    3 saved (no filtering)
     1296 -     16 overlaps -     16 scored -      0 filtered -   16 saved (no filtering)
     1299 -    106 overlaps -    106 scored -     66 filtered -   40 saved (length * erate cutoff 6304.86)
     1301 -      1 overlaps -      1 scored -      0 filtered -    1 saved (no filtering)
     1302 -     53 overlaps -     53 scored -     13 filtered -   40 saved (length * erate cutoff 4073.02)
     1304 -      1 overlaps -      1 scored -      0 filtered -    1 saved (no filtering)
     1305 -     22 overlaps -     22 scored -      0 filtered -   22 saved (no filtering)
     1307 -      2 overlaps -      2 scored -      0 filtered -    2 saved (no filtering)
     1308 -    146 overlaps -    146 scored -    106 filtered -   40 saved (length * erate cutoff 10048.43)
     1310 -      5 overlaps -      5 scored -      0 filtered -    5 saved (no filtering)
     1311 -     46 overlaps -     46 scored -      6 filtered -   40 saved (length * erate cutoff 4290.77)
     1315 -      1 overlaps -      1 scored -      0 filtered -    1 saved (no filtering)
     1317 -      2 overlaps -      2 scored -      0 filtered -    2 saved (no filtering)
     1320 -     32 overlaps -     32 scored -      0 filtered -   32 saved (no filtering)
     1326 -     99 overlaps -     99 scored -     59 filtered -   40 saved (length * erate cutoff 9135.76)
     1328 -     11 overlaps -     11 scored -      0 filtered -   11 saved (no filtering)
     1329 -     81 overlaps -     81 scored -     41 filtered -   40 saved (length * erate cutoff 7191.87)
     1332 -      2 overlaps -      2 scored -      0 filtered -    2 saved (no filtering)
     1334 -      1 overlaps -      1 scored -      0 filtered -    1 saved (no filtering)
     1335 -    108 overlaps -    108 scored -     68 filtered -   40 saved (length * erate cutoff 7571.81)
     1337 -      4 overlaps -      4 scored -      0 filtered -    4 saved (no filtering)
     1338 -     11 overlaps -     11 scored -      0 filtered -   11 saved (no filtering)
     1341 -     81 overlaps -     81 scored -     41 filtered -   40 saved (length * erate cutoff 3961.19)
     1344 -    106 overlaps -    106 scored -     66 filtered -   40 saved (length * erate cutoff 9446.57)
     1345 -      1 overlaps -      1 scored -      0 filtered -    1 saved (no filtering)
     1346 -      4 overlaps -      4 scored -      0 filtered -    4 saved (no filtering)
     1347 -      2 overlaps -      2 scored -      0 filtered -    2 saved (no filtering)
     1349 -      3 overlaps -      3 scored -      0 filtered -    3 saved (no filtering)
     1353 -    129 overlaps -    129 scored -     89 filtered -   40 saved (length * erate cutoff 5444.11)
     1355 -      4 overlaps -      4 scored -      0 filtered -    4 saved (no filtering)
     1359 -     83 overlaps -     83 scored -     43 filtered -   40 saved (length * erate cutoff 3948.07)
     1361 -      1 overlaps -      1 scored -      0 filtered -    1 saved (no filtering)
     1362 -     65 overlaps -     65 scored -     25 filtered -   40 saved (length * erate cutoff 6425.69)
     1364 -      3 overlaps -      3 scored -      0 filtered -    3 saved (no filtering)
     1365 -    105 overlaps -    105 scored -     65 filtered -   40 saved (length * erate cutoff 6355.91)
     1367 -     11 overlaps -     11 scored -      0 filtered -   11 saved (no filtering)
     1368 -    144 overlaps -    144 scored -    104 filtered -   40 saved (length * erate cutoff 7279.01)
     1369 -      1 overlaps -      1 scored -      0 filtered -    1 saved (no filtering)
     1370 -      8 overlaps -      8 scored -      0 filtered -    8 saved (no filtering)
     1373 -      1 overlaps -      1 scored -      0 filtered -    1 saved (no filtering)
     1374 -    116 overlaps -    116 scored -     76 filtered -   40 saved (length * erate cutoff 6029.28)
     1376 -      1 overlaps -      1 scored -      0 filtered -    1 saved (no filtering)
     1377 -     28 overlaps -     28 scored -      0 filtered -   28 saved (no filtering)
     1380 -     23 overlaps -     23 scored -      0 filtered -   23 saved (no filtering)
     1383 -      9 overlaps -      9 scored -      0 filtered -    9 saved (no filtering)
     1386 -    106 overlaps -    106 scored -     66 filtered -   40 saved (length * erate cutoff 6981.83)
     1387 -      1 overlaps -      1 scored -      0 filtered -    1 saved (no filtering)
     1388 -      6 overlaps -      6 scored -      0 filtered -    6 saved (no filtering)
     1389 -     91 overlaps -     91 scored -     51 filtered -   40 saved (length * erate cutoff 4164.86)
     1390 -      1 overlaps -      1 scored -      0 filtered -    1 saved (no filtering)
     1391 -     31 overlaps -     31 scored -      0 filtered -   31 saved (no filtering)
     1392 -     20 overlaps -     20 scored -      0 filtered -   20 saved (no filtering)
     1394 -      2 overlaps -      2 scored -      0 filtered -    2 saved (no filtering)
     1395 -    105 overlaps -    105 scored -     65 filtered -   40 saved (length * erate cutoff 5836.45)
     1397 -     11 overlaps -     11 scored -      0 filtered -   11 saved (no filtering)
     1399 -      3 overlaps -      3 scored -      0 filtered -    3 saved (no filtering)
     1400 -      4 overlaps -      4 scored -      0 filtered -    4 saved (no filtering)
     1401 -     51 overlaps -     51 scored -     11 filtered -   40 saved (length * erate cutoff 1484.63)
     1404 -      6 overlaps -      6 scored -      0 filtered -    6 saved (no filtering)
     1407 -     82 overlaps -     82 scored -     42 filtered -   40 saved (length * erate cutoff 2491.62)
     1408 -      1 overlaps -      1 scored -      0 filtered -    1 saved (no filtering)
     1409 -      4 overlaps -      4 scored -      0 filtered -    4 saved (no filtering)
     1410 -     12 overlaps -     12 scored -      0 filtered -   12 saved (no filtering)
     1413 -    119 overlaps -    119 scored -     79 filtered -   40 saved (length * erate cutoff 5281.13)
     1414 -      1 overlaps -      1 scored -      0 filtered -    1 saved (no filtering)
     1415 -     38 overlaps -     38 scored -      0 filtered -   38 saved (no filtering)
     1416 -    114 overlaps -    114 scored -     74 filtered -   40 saved (length * erate cutoff 9398.50)
     1417 -      1 overlaps -      1 scored -      0 filtered -    1 saved (no filtering)
     1418 -     32 overlaps -     32 scored -      0 filtered -   32 saved (no filtering)
     1419 -     59 overlaps -     59 scored -     19 filtered -   40 saved (length * erate cutoff 1616.76)
     1422 -    132 overlaps -    132 scored -     92 filtered -   40 saved (length * erate cutoff 6297.64)
     1424 -      2 overlaps -      2 scored -      0 filtered -    2 saved (no filtering)
     1425 -     14 overlaps -     14 scored -      0 filtered -   14 saved (no filtering)
     1431 -    106 overlaps -    106 scored -     66 filtered -   40 saved (length * erate cutoff 6896.47)
     1434 -     91 overlaps -     91 scored -     51 filtered -   40 saved (length * erate cutoff 7776.90)
     1436 -      1 overlaps -      1 scored -      0 filtered -    1 saved (no filtering)
     1437 -     51 overlaps -     51 scored -     11 filtered -   40 saved (length * erate cutoff 6399.57)
     1443 -     63 overlaps -     63 scored -     23 filtered -   40 saved (length * erate cutoff 1453.94)
     1445 -      9 overlaps -      9 scored -      0 filtered -    9 saved (no filtering)
     1446 -     98 overlaps -     98 scored -     58 filtered -   40 saved (length * erate cutoff 5055.17)
     1448 -      5 overlaps -      5 scored -      0 filtered -    5 saved (no filtering)
     1458 -     15 overlaps -     15 scored -      0 filtered -   15 saved (no filtering)
     1461 -    115 overlaps -    115 scored -     75 filtered -   40 saved (length * erate cutoff 5994.76)
     1463 -      4 overlaps -      4 scored -      0 filtered -    4 saved (no filtering)
     1464 -    107 overlaps -    107 scored -     67 filtered -   40 saved (length * erate cutoff 8157.65)
     1465 -      1 overlaps -      1 scored -      0 filtered -    1 saved (no filtering)
     1466 -     20 overlaps -     20 scored -      0 filtered -   20 saved (no filtering)
     1467 -     35 overlaps -     35 scored -      0 filtered -   35 saved (no filtering)
     1470 -     53 overlaps -     53 scored -     13 filtered -   40 saved (length * erate cutoff 2602.43)
     1472 -      1 overlaps -      1 scored -      0 filtered -    1 saved (no filtering)
     1473 -     74 overlaps -     74 scored -     34 filtered -   40 saved (length * erate cutoff 7488.96)
     1476 -     49 overlaps -     49 scored -      9 filtered -   40 saved (length * erate cutoff 1923.98)
     1479 -    131 overlaps -    131 scored -     91 filtered -   40 saved (length * erate cutoff 5518.08)
     1480 -      5 overlaps -      5 scored -      0 filtered -    5 saved (no filtering)
     1481 -      9 overlaps -      9 scored -      0 filtered -    9 saved (no filtering)
     1482 -     99 overlaps -     99 scored -     59 filtered -   40 saved (length * erate cutoff 8784.06)
     1484 -      2 overlaps -      2 scored -      0 filtered -    2 saved (no filtering)
     1485 -     72 overlaps -     72 scored -     32 filtered -   40 saved (length * erate cutoff 3511.55)
     1486 -      1 overlaps -      1 scored -      0 filtered -    1 saved (no filtering)
     1487 -      1 overlaps -      1 scored -      0 filtered -    1 saved (no filtering)
     1488 -     22 overlaps -     22 scored -      0 filtered -   22 saved (no filtering)
     1491 -    151 overlaps -    151 scored -    111 filtered -   40 saved (length * erate cutoff 9826.30)
     1493 -     14 overlaps -     14 scored -      0 filtered -   14 saved (no filtering)
     1494 -     72 overlaps -     72 scored -     32 filtered -   40 saved (length * erate cutoff 6415.71)
     1497 -    126 overlaps -    126 scored -     86 filtered -   40 saved (length * erate cutoff 8796.60)
     1499 -     14 overlaps -     14 scored -      0 filtered -   14 saved (no filtering)
     1500 -     92 overlaps -     92 scored -     52 filtered -   40 saved (length * erate cutoff 8100.11)
     1503 -     32 overlaps -     32 scored -      0 filtered -   32 saved (no filtering)
     1505 -      1 overlaps -      1 scored -      0 filtered -    1 saved (no filtering)
     1506 -     99 overlaps -     99 scored -     59 filtered -   40 saved (length * erate cutoff 5457.60)
     1508 -      2 overlaps -      2 scored -      0 filtered -    2 saved (no filtering)
     1509 -     92 overlaps -     92 scored -     52 filtered -   40 saved (length * erate cutoff 5145.22)
     1511 -      1 overlaps -      1 scored -      0 filtered -    1 saved (no filtering)
     1512 -     70 overlaps -     70 scored -     30 filtered -   40 saved (length * erate cutoff 6486.68)
     1515 -     42 overlaps -     42 scored -      2 filtered -   40 saved (length * erate cutoff 1283.08)
     1516 -      1 overlaps -      1 scored -      0 filtered -    1 saved (no filtering)
     1518 -    112 overlaps -    112 scored -     72 filtered -   40 saved (length * erate cutoff 8807.92)
     1521 -     50 overlaps -     50 scored -     10 filtered -   40 saved (length * erate cutoff 3672.88)
     1523 -     12 overlaps -     12 scored -      0 filtered -   12 saved (no filtering)
     1524 -     66 overlaps -     66 scored -     26 filtered -   40 saved (length * erate cutoff 4157.95)
     1526 -      1 overlaps -      1 scored -      0 filtered -    1 saved (no filtering)
     1530 -     48 overlaps -     48 scored -      8 filtered -   40 saved (length * erate cutoff 2222.70)
     1533 -     89 overlaps -     89 scored -     49 filtered -   40 saved (length * erate cutoff 4444.97)
     1535 -      4 overlaps -      4 scored -      0 filtered -    4 saved (no filtering)
     1536 -    143 overlaps -    143 scored -    103 filtered -   40 saved (length * erate cutoff 9163.15)
     1538 -      4 overlaps -      4 scored -      0 filtered -    4 saved (no filtering)
     1539 -     75 overlaps -     75 scored -     35 filtered -   40 saved (length * erate cutoff 4160.24)
     1541 -      1 overlaps -      1 scored -      0 filtered -    1 saved (no filtering)
     1542 -    136 overlaps -    136 scored -     96 filtered -   40 saved (length * erate cutoff 5830.79)
     1543 -      1 overlaps -      1 scored -      0 filtered -    1 saved (no filtering)
     1544 -      1 overlaps -      1 scored -      0 filtered -    1 saved (no filtering)
     1546 -      1 overlaps -      1 scored -      0 filtered -    1 saved (no filtering)
     1554 -     77 overlaps -     77 scored -     37 filtered -   40 saved (length * erate cutoff 7650.02)
     1557 -     96 overlaps -     96 scored -     56 filtered -   40 saved (length * erate cutoff 3525.10)
     1558 -      1 overlaps -      1 scored -      0 filtered -    1 saved (no filtering)
     1559 -      8 overlaps -      8 scored -      0 filtered -    8 saved (no filtering)
     1560 -     57 overlaps -     57 scored -     17 filtered -   40 saved (length * erate cutoff 1777.08)
     1562 -     20 overlaps -     20 scored -      0 filtered -   20 saved (no filtering)
     1563 -     64 overlaps -     64 scored -     24 filtered -   40 saved (length * erate cutoff 6563.10)
     1568 -      1 overlaps -      1 scored -      0 filtered -    1 saved (no filtering)
     1572 -     85 overlaps -     85 scored -     45 filtered -   40 saved (length * erate cutoff 2780.04)
     1574 -      1 overlaps -      1 scored -      0 filtered -    1 saved (no filtering)
     1575 -     40 overlaps -     40 scored -      0 filtered -   40 saved (no filtering)
     1576 -     89 overlaps -     89 scored -     49 filtered -   40 saved (length * erate cutoff 8342.37)
     1578 -      2 overlaps -      2 scored -      0 filtered -    2 saved (no filtering)
     1579 -     14 overlaps -     14 scored -      0 filtered -   14 saved (no filtering)
     1582 -     89 overlaps -     89 scored -     49 filtered -   40 saved (length * erate cutoff 4848.16)
     1584 -      7 overlaps -      7 scored -      0 filtered -    7 saved (no filtering)
     1585 -    130 overlaps -    130 scored -     90 filtered -   40 saved (length * erate cutoff 9519.83)
     1586 -      1 overlaps -      1 scored -      0 filtered -    1 saved (no filtering)
     1587 -      1 overlaps -      1 scored -      0 filtered -    1 saved (no filtering)
     1588 -     72 overlaps -     72 scored -     32 filtered -   40 saved (length * erate cutoff 5351.80)
     1590 -      1 overlaps -      1 scored -      0 filtered -    1 saved (no filtering)
     1591 -    112 overlaps -    112 scored -     72 filtered -   40 saved (length * erate cutoff 9252.72)
     1594 -     63 overlaps -     63 scored -     23 filtered -   40 saved (length * erate cutoff 4841.08)
     1596 -      8 overlaps -      8 scored -      0 filtered -    8 saved (no filtering)
     1598 -      7 overlaps -      7 scored -      0 filtered -    7 saved (no filtering)
     1599 -      2 overlaps -      2 scored -      0 filtered -    2 saved (no filtering)
     1600 -    128 overlaps -    128 scored -     88 filtered -   40 saved (length * erate cutoff 9419.93)
     1602 -      1 overlaps -      1 scored -      0 filtered -    1 saved (no filtering)
     1603 -     66 overlaps -     66 scored -     26 filtered -   40 saved (length * erate cutoff 6156.68)
     1606 -    106 overlaps -    106 scored -     66 filtered -   40 saved (length * erate cutoff 9044.30)
     1608 -     15 overlaps -     15 scored -      0 filtered -   15 saved (no filtering)
     1609 -     36 overlaps -     36 scored -      0 filtered -   36 saved (no filtering)
     1612 -    121 overlaps -    121 scored -     81 filtered -   40 saved (length * erate cutoff 8351.78)
     1614 -      3 overlaps -      3 scored -      0 filtered -    3 saved (no filtering)
     1615 -    141 overlaps -    141 scored -    101 filtered -   40 saved (length * erate cutoff 6161.55)
     1616 -      1 overlaps -      1 scored -      0 filtered -    1 saved (no filtering)
     1617 -     10 overlaps -     10 scored -      0 filtered -   10 saved (no filtering)
     1618 -     34 overlaps -     34 scored -      0 filtered -   34 saved (no filtering)
     1621 -    127 overlaps -    127 scored -     87 filtered -   40 saved (length * erate cutoff 6462.56)
     1623 -      1 overlaps -      1 scored -      0 filtered -    1 saved (no filtering)
     1624 -     48 overlaps -     48 scored -      8 filtered -   40 saved (length * erate cutoff 5051.56)
     1627 -    113 overlaps -    113 scored -     73 filtered -   40 saved (length * erate cutoff 6280.10)
     1629 -      5 overlaps -      5 scored -      0 filtered -    5 saved (no filtering)
     1630 -     93 overlaps -     93 scored -     53 filtered -   40 saved (length * erate cutoff 7629.23)
     1632 -      3 overlaps -      3 scored -      0 filtered -    3 saved (no filtering)
     1633 -     62 overlaps -     62 scored -     22 filtered -   40 saved (length * erate cutoff 5351.75)
     1635 -      2 overlaps -      2 scored -      0 filtered -    2 saved (no filtering)
     1636 -     23 overlaps -     23 scored -      0 filtered -   23 saved (no filtering)
     1642 -    114 overlaps -    114 scored -     74 filtered -   40 saved (length * erate cutoff 4839.49)
     1644 -     27 overlaps -     27 scored -      0 filtered -   27 saved (no filtering)
     1645 -     14 overlaps -     14 scored -      0 filtered -   14 saved (no filtering)
     1647 -      1 overlaps -      1 scored -      0 filtered -    1 saved (no filtering)
     1648 -     74 overlaps -     74 scored -     34 filtered -   40 saved (length * erate cutoff 4516.92)
     1657 -    104 overlaps -    104 scored -     64 filtered -   40 saved (length * erate cutoff 7633.60)
     1660 -      6 overlaps -      6 scored -      0 filtered -    6 saved (no filtering)
     1666 -      8 overlaps -      8 scored -      0 filtered -    8 saved (no filtering)
     1672 -     60 overlaps -     60 scored -     20 filtered -   40 saved (length * erate cutoff 2786.85)
     1675 -    118 overlaps -    118 scored -     78 filtered -   40 saved (length * erate cutoff 7456.05)
     1677 -      1 overlaps -      1 scored -      0 filtered -    1 saved (no filtering)
     1681 -    145 overlaps -    145 scored -    105 filtered -   40 saved (length * erate cutoff 5799.12)
     1683 -      1 overlaps -      1 scored -      0 filtered -    1 saved (no filtering)
     1684 -     83 overlaps -     83 scored -     43 filtered -   40 saved (length * erate cutoff 7177.83)
     1686 -     12 overlaps -     12 scored -      0 filtered -   12 saved (no filtering)
     1689 -      2 overlaps -      2 scored -      0 filtered -    2 saved (no filtering)
     1690 -     25 overlaps -     25 scored -      0 filtered -   25 saved (no filtering)
     1693 -    106 overlaps -    106 scored -     66 filtered -   40 saved (length * erate cutoff 4723.08)
     1695 -      1 overlaps -      1 scored -      0 filtered -    1 saved (no filtering)
     1696 -    124 overlaps -    124 scored -     84 filtered -   40 saved (length * erate cutoff 9189.68)
     1698 -      2 overlaps -      2 scored -      0 filtered -    2 saved (no filtering)
     1699 -    136 overlaps -    136 scored -     96 filtered -   40 saved (length * erate cutoff 6147.95)
     1701 -      6 overlaps -      6 scored -      0 filtered -    6 saved (no filtering)
     1702 -    107 overlaps -    107 scored -     67 filtered -   40 saved (length * erate cutoff 5462.46)
     1704 -     23 overlaps -     23 scored -      0 filtered -   23 saved (no filtering)
     1705 -     75 overlaps -     75 scored -     35 filtered -   40 saved (length * erate cutoff 5886.25)
     1708 -      3 overlaps -      3 scored -      0 filtered -    3 saved (no filtering)
     1711 -      9 overlaps -      9 scored -      0 filtered -    9 saved (no filtering)
     1713 -      1 overlaps -      1 scored -      0 filtered -    1 saved (no filtering)
     1717 -     78 overlaps -     78 scored -     38 filtered -   40 saved (length * erate cutoff 5889.59)
     1719 -     14 overlaps -     14 scored -      0 filtered -   14 saved (no filtering)
     1720 -     18 overlaps -     18 scored -      0 filtered -   18 saved (no filtering)
     1722 -      7 overlaps -      7 scored -      0 filtered -    7 saved (no filtering)
     1723 -     31 overlaps -     31 scored -      0 filtered -   31 saved (no filtering)
     1726 -    111 overlaps -    111 scored -     71 filtered -   40 saved (length * erate cutoff 6032.50)
     1728 -      2 overlaps -      2 scored -      0 filtered -    2 saved (no filtering)
     1735 -     60 overlaps -     60 scored -     20 filtered -   40 saved (length * erate cutoff 5237.81)
     1738 -    108 overlaps -    108 scored -     68 filtered -   40 saved (length * erate cutoff 4131.07)
     1740 -      5 overlaps -      5 scored -      0 filtered -    5 saved (no filtering)
     1743 -     21 overlaps -     21 scored -      0 filtered -   21 saved (no filtering)
     1744 -     15 overlaps -     15 scored -      0 filtered -   15 saved (no filtering)
     1747 -    111 overlaps -    111 scored -     71 filtered -   40 saved (length * erate cutoff 9093.74)
     1749 -      1 overlaps -      1 scored -      0 filtered -    1 saved (no filtering)
     1750 -    118 overlaps -    118 scored -     78 filtered -   40 saved (length * erate cutoff 9601.72)
     1752 -      9 overlaps -      9 scored -      0 filtered -    9 saved (no filtering)
     1753 -     16 overlaps -     16 scored -      0 filtered -   16 saved (no filtering)
     1755 -      1 overlaps -      1 scored -      0 filtered -    1 saved (no filtering)
     1759 -     31 overlaps -     31 scored -      0 filtered -   31 saved (no filtering)
     1762 -    104 overlaps -    104 scored -     64 filtered -   40 saved (length * erate cutoff 4735.09)
     1763 -      1 overlaps -      1 scored -      0 filtered -    1 saved (no filtering)
     1764 -      5 overlaps -      5 scored -      0 filtered -    5 saved (no filtering)
     1765 -     77 overlaps -     77 scored -     37 filtered -   40 saved (length * erate cutoff 4572.78)
     1767 -      6 overlaps -      6 scored -      0 filtered -    6 saved (no filtering)
     1768 -     22 overlaps -     22 scored -      0 filtered -   22 saved (no filtering)
     1771 -     60 overlaps -     60 scored -     20 filtered -   40 saved (length * erate cutoff 4123.48)
     1773 -      7 overlaps -      7 scored -      0 filtered -    7 saved (no filtering)
     1774 -    110 overlaps -    110 scored -     70 filtered -   40 saved (length * erate cutoff 5370.56)
     1776 -      2 overlaps -      2 scored -      0 filtered -    2 saved (no filtering)
     1777 -     78 overlaps -     78 scored -     38 filtered -   40 saved (length * erate cutoff 4157.94)
     1780 -     84 overlaps -     84 scored -     44 filtered -   40 saved (length * erate cutoff 4345.86)
     1782 -      2 overlaps -      2 scored -      0 filtered -    2 saved (no filtering)
     1783 -     34 overlaps -     34 scored -      0 filtered -   34 saved (no filtering)
     1784 -      2 overlaps -      2 scored -      0 filtered -    2 saved (no filtering)
     1786 -     80 overlaps -     80 scored -     40 filtered -   40 saved (length * erate cutoff 6671.48)
     1788 -      1 overlaps -      1 scored -      0 filtered -    1 saved (no filtering)
     1789 -     30 overlaps -     30 scored -      0 filtered -   30 saved (no filtering)
     1791 -      1 overlaps -      1 scored -      0 filtered -    1 saved (no filtering)
     1792 -    127 overlaps -    127 scored -     87 filtered -   40 saved (length * erate cutoff 6620.17)
     1794 -      4 overlaps -      4 scored -      0 filtered -    4 saved (no filtering)
     1795 -     68 overlaps -     68 scored -     28 filtered -   40 saved (length * erate cutoff 3239.61)
     1797 -      2 overlaps -      2 scored -      0 filtered -    2 saved (no filtering)
     1798 -     99 overlaps -     99 scored -     59 filtered -   40 saved (length * erate cutoff 4607.90)
     1800 -      2 overlaps -      2 scored -      0 filtered -    2 saved (no filtering)
     1804 -     97 overlaps -     97 scored -     57 filtered -   40 saved (length * erate cutoff 5269.64)
     1807 -     61 overlaps -     61 scored -     21 filtered -   40 saved (length * erate cutoff 3220.39)
     1808 -      2 overlaps -      2 scored -      0 filtered -    2 saved (no filtering)
     1813 -     77 overlaps -     77 scored -     37 filtered -   40 saved (length * erate cutoff 3390.67)
     1815 -      2 overlaps -      2 scored -      0 filtered -    2 saved (no filtering)
     1816 -     90 overlaps -     90 scored -     50 filtered -   40 saved (length * erate cutoff 5305.18)
     1818 -      1 overlaps -      1 scored -      0 filtered -    1 saved (no filtering)
     1819 -     91 overlaps -     91 scored -     51 filtered -   40 saved (length * erate cutoff 4678.49)
     1821 -     10 overlaps -     10 scored -      0 filtered -   10 saved (no filtering)
     1825 -     71 overlaps -     71 scored -     31 filtered -   40 saved (length * erate cutoff 3193.53)
     1827 -      2 overlaps -      2 scored -      0 filtered -    2 saved (no filtering)
     1828 -    102 overlaps -    102 scored -     62 filtered -   40 saved (length * erate cutoff 8450.05)
     1830 -     17 overlaps -     17 scored -      0 filtered -   17 saved (no filtering)
     1831 -    153 overlaps -    153 scored -    113 filtered -   40 saved (length * erate cutoff 10079.89)
     1832 -      1 overlaps -      1 scored -      0 filtered -    1 saved (no filtering)
     1833 -     23 overlaps -     23 scored -      0 filtered -   23 saved (no filtering)
     1834 -     29 overlaps -     29 scored -      0 filtered -   29 saved (no filtering)
     1840 -     71 overlaps -     71 scored -     31 filtered -   40 saved (length * erate cutoff 3669.54)
     1842 -      1 overlaps -      1 scored -      0 filtered -    1 saved (no filtering)
     1843 -    101 overlaps -    101 scored -     61 filtered -   40 saved (length * erate cutoff 4688.68)
     1844 -      2 overlaps -      2 scored -      0 filtered -    2 saved (no filtering)
     1845 -      2 overlaps -      2 scored -      0 filtered -    2 saved (no filtering)
     1848 -      1 overlaps -      1 scored -      0 filtered -    1 saved (no filtering)
     1849 -      3 overlaps -      3 scored -      0 filtered -    3 saved (no filtering)
     1852 -     18 overlaps -     18 scored -      0 filtered -   18 saved (no filtering)
     1858 -      8 overlaps -      8 scored -      0 filtered -    8 saved (no filtering)
     1861 -     28 overlaps -     28 scored -      0 filtered -   28 saved (no filtering)
     1862 -      1 overlaps -      1 scored -      0 filtered -    1 saved (no filtering)
     1864 -    127 overlaps -    127 scored -     87 filtered -   40 saved (length * erate cutoff 5315.11)
     1865 -      1 overlaps -      1 scored -      0 filtered -    1 saved (no filtering)
     1866 -     13 overlaps -     13 scored -      0 filtered -   13 saved (no filtering)
     1867 -     98 overlaps -     98 scored -     58 filtered -   40 saved (length * erate cutoff 2904.95)
     1868 -      4 overlaps -      4 scored -      0 filtered -    4 saved (no filtering)
     1869 -      6 overlaps -      6 scored -      0 filtered -    6 saved (no filtering)
     1873 -     55 overlaps -     55 scored -     15 filtered -   40 saved (length * erate cutoff 3962.78)
     1879 -      1 overlaps -      1 scored -      0 filtered -    1 saved (no filtering)
     1882 -      8 overlaps -      8 scored -      0 filtered -    8 saved (no filtering)
     1888 -     20 overlaps -     20 scored -      0 filtered -   20 saved (no filtering)
     1894 -     29 overlaps -     29 scored -      0 filtered -   29 saved (no filtering)
     1897 -     16 overlaps -     16 scored -      0 filtered -   16 saved (no filtering)
     1900 -      3 overlaps -      3 scored -      0 filtered -    3 saved (no filtering)
     1903 -     70 overlaps -     70 scored -     30 filtered -   40 saved (length * erate cutoff 4590.50)
