7	17400	8	16868
9	16713	5	16170
8	15235	1	14393	no_children
13	12133	7	12122
1	11810	11	11718
15	11467	3	11456
3	11381	4	11297
19	11284	3	11273
14	11162	3	11050
21	10756	2	10672
2	10747	2	10421
20	9561	1	9550	no_children
4	7351	3	7340
25	7129	2	7001
22	6895	6	6850
5	6811	1	6792	no_children
27	7153	1	6682	no_children
23	6438	2	6387
10	6385	4	6384
24	6464	3	6322
12	6013	1	5990	no_children
11	5856	1	5449	no_children
16	4914	8	4913
17	4708	2	4567
18	4555	3	4544
26	5739	1	3816	no_children
read	origLen	numOlaps	corLen
