1	11284	uniq-repeat-dove
3	10756	low-cov
4	15569	span-repeat
7	5768	span-repeat
8	5298	low-cov
9	5465	unique
13	5887	uniq-repeat-dove
19	16803	uniq-repeat-dove
21	16023	low-cov
22	3659	span-repeat
24	3381	low-cov
25	12482	span-repeat
28	2524	uniq-repeat-dove
30	2568	low-cov
31	12359	uniq-repeat-dove
33	11672	low-cov
34	6812	uniq-repeat-dove
36	6507	low-cov
37	24473	uniq-repeat-dove
39	23400	low-cov
41	5722	span-repeat
42	5873	span-repeat
43	9243	span-repeat
45	8903	low-cov
52	5830	span-repeat
54	6244	low-cov
55	8583	uniq-repeat-dove
57	7918	low-cov
58	6912	span-repeat
60	7505	low-cov
61	3182	span-repeat
62	2777	low-cov
63	3983	span-repeat
64	6819	span-repeat
67	17203	span-repeat
70	5591	uniq-repeat-dove
72	5481	low-cov
76	14374	span-repeat
79	13019	span-repeat
81	11926	low-cov
82	5306	uniq-repeat-dove
84	5173	low-cov
85	9919	uniq-repeat-dove
87	9441	low-cov
88	21805	span-repeat
90	31157	low-cov
94	9055	span-repeat
95	8351	low-cov
96	8387	low-cov
97	9830	span-repeat
99	9053	low-cov
101	4207	low-cov
102	2922	low-cov
103	14939	uniq-repeat-dove
104	13801	low-cov
105	13838	low-cov
106	10110	uniq-repeat-dove
108	9240	low-cov
109	14469	uniq-repeat-dove
111	13777	low-cov
112	9843	span-repeat
113	9473	low-cov
115	9146	span-repeat
117	9215	low-cov
118	14033	uniq-repeat-dove
121	7033	span-repeat
123	6547	low-cov
124	22568	span-repeat
125	20775	low-cov
126	21412	low-cov
127	7728	span-repeat
128	7156	low-cov
129	7347	span-repeat
130	13559	uniq-repeat-dove
132	12892	low-cov
133	14578	span-repeat
135	13915	low-cov
136	13149	uniq-repeat-dove
139	8762	uniq-repeat-dove
142	10637	span-repeat
144	10260	low-cov
145	10295	uniq-repeat-dove
147	9575	low-cov
148	7881	span-repeat
151	9471	low-cov
154	2846	span-repeat
156	2830	low-cov
157	13338	uniq-repeat-dove
159	13617	low-cov
160	10486	span-repeat
162	10410	low-cov
163	13076	low-cov
167	1647	low-cov
168	2424	low-cov
169	17400	uniq-repeat-dove
172	3783	uniq-repeat-dove
174	3590	low-cov
175	14209	uniq-repeat-dove
178	10631	low-cov
181	3821	span-repeat
184	8730	span-repeat
187	18150	uniq-repeat-dove
189	16294	low-cov
190	3572	uniq-repeat-dove
192	3255	low-cov
193	14147	span-repeat
196	7260	low-cov
199	7937	span-repeat
202	14863	uniq-repeat-dove
203	13635	low-cov
204	14597	uniq-repeat-dove
205	4472	unique
206	4199	low-cov
208	4209	uniq-repeat-dove
211	6467	uniq-repeat-dove
217	25049	uniq-repeat-dove
219	22897	low-cov
220	3692	uniq-repeat-dove
223	8725	uniq-repeat-dove
225	8585	low-cov
226	16459	span-repeat
228	15845	low-cov
232	13909	uniq-repeat-dove
234	13300	low-cov
235	16409	low-cov
238	8117	uniq-repeat-dove
241	6255	uniq-repeat-dove
243	6247	low-cov
247	7177	span-repeat
249	7059	low-cov
250	6995	span-repeat
252	6490	low-cov
253	7603	span-repeat
255	7152	low-cov
256	7954	uniq-repeat-dove
258	7666	low-cov
259	7759	span-repeat
261	8012	low-cov
262	13629	uniq-repeat-dove
264	13902	low-cov
265	9010	uniq-repeat-dove
267	8753	span-repeat
268	8588	uniq-repeat-dove
270	8705	low-cov
271	10858	span-repeat
274	10718	uniq-repeat-dove
276	10375	span-repeat
277	1390	low-cov
283	4413	span-repeat
286	9593	span-repeat
287	8439	low-cov
288	8959	uniq-repeat-dove
289	1900	span-repeat
290	1700	low-cov
291	1867	low-cov
292	8124	uniq-repeat-dove
294	7747	span-repeat
298	6563	uniq-repeat-dove
301	3107	span-repeat
303	2909	low-cov
304	6178	span-repeat
306	5719	low-cov
307	8758	span-repeat
309	10443	low-cov
313	12133	span-repeat
314	11162	low-cov
315	11467	low-cov
319	10537	span-repeat
321	10244	low-cov
322	8422	uniq-repeat-dove
324	10084	low-cov
328	13137	uniq-repeat-dove
330	12817	span-repeat
334	27425	span-repeat
336	25600	low-cov
337	9158	span-repeat
339	8844	low-cov
341	4603	low-cov
342	3544	low-cov
343	8415	uniq-repeat-dove
346	7822	span-repeat
349	8026	span-repeat
351	7690	low-cov
355	9123	span-repeat
357	8886	span-repeat
358	5916	span-repeat
360	5581	low-cov
361	8427	span-repeat
363	8120	low-cov
367	5080	low-cov
370	12034	span-repeat
373	4193	uniq-repeat-dove
376	5149	low-cov
379	6100	uniq-repeat-dove
381	5914	low-cov
382	9201	uniq-repeat-dove
385	13812	uniq-repeat-dove
387	13054	low-cov
388	7085	uniq-repeat-dove
390	6831	low-cov
391	13617	span-repeat
393	12610	low-cov
394	12277	uniq-repeat-dove
396	12272	low-cov
397	6971	span-repeat
403	5891	uniq-repeat-dove
405	5570	low-cov
406	9630	uniq-repeat-dove
409	6581	uniq-repeat-dove
411	6279	span-repeat
412	11695	uniq-repeat-dove
413	10889	low-cov
415	13527	uniq-repeat-dove
418	10870	low-cov
421	6933	low-cov
427	10348	uniq-repeat-dove
429	10247	span-repeat
430	15286	uniq-repeat-dove
432	14790	span-repeat
433	17650	span-repeat
436	22524	span-repeat
437	21746	low-cov
438	21398	low-cov
439	6487	low-cov
442	6636	uniq-repeat-dove
443	6053	low-cov
444	6239	span-repeat
445	6269	span-repeat
447	6593	span-repeat
448	7644	uniq-repeat-dove
451	10537	low-cov
454	11292	uniq-repeat-dove
457	8970	uniq-repeat-dove
459	8440	span-repeat
460	9465	span-repeat
463	10083	uniq-repeat-dove
469	10540	span-repeat
473	10982	low-cov
475	7369	uniq-repeat-dove
481	16037	span-repeat
484	1092	low-cov
486	10188	uniq-repeat-dove
487	9229	low-cov
488	9781	span-repeat
489	2003	low-cov
492	9207	uniq-repeat-dove
493	8384	low-cov
497	6693	span-repeat
500	18035	uniq-repeat-dove
502	17594	low-cov
506	5156	span-repeat
507	4761	low-cov
508	4930	low-cov
509	8338	uniq-repeat-dove
512	5964	uniq-repeat-dove
513	5866	low-cov
514	5499	low-cov
515	11067	span-repeat
517	17599	low-cov
518	10008	span-repeat
521	6560	span-repeat
523	6399	low-cov
524	8879	span-repeat
526	8239	low-cov
527	17003	uniq-repeat-dove
529	16267	span-repeat
533	7527	span-repeat
535	7269	low-cov
536	14325	uniq-repeat-dove
538	13250	low-cov
539	9480	span-repeat
541	9165	low-cov
545	5135	span-repeat
548	1946	uniq-repeat-dove
550	1907	low-cov
551	8547	span-repeat
553	8139	uniq-repeat-dove
554	13070	span-repeat
556	12666	low-cov
557	11963	span-repeat
560	6964	span-repeat
563	6671	uniq-repeat-dove
565	7271	low-cov
566	1305	span-repeat
568	1249	low-cov
569	5747	middle-missing
572	8912	uniq-repeat-dove
574	8393	low-cov
577	5618	low-cov
578	4037	uniq-repeat-dove
579	3536	low-cov
580	3892	span-repeat
581	3790	span-repeat
583	3503	low-cov
586	6766	low-cov
587	12298	uniq-repeat-dove
589	11686	low-cov
593	6096	span-repeat
595	7430	low-cov
596	4993	low-cov
599	9461	uniq-repeat-dove
602	4262	span-repeat
603	3969	low-cov
608	15196	span-repeat
610	14674	low-cov
611	11661	span-repeat
613	11259	low-cov
614	11950	uniq-repeat-dove
617	12040	uniq-repeat-dove
619	11679	low-cov
620	7862	span-repeat
623	5823	uniq-repeat-dove
625	5523	low-cov
626	19972	span-repeat
628	20921	low-cov
629	1470	low-cov
633	5678	low-cov
635	8364	span-repeat
637	8700	low-cov
638	8412	span-repeat
641	7512	span-repeat
644	8141	uniq-repeat-dove
648	7273	low-cov
649	11021	span-repeat
659	6949	span-repeat
662	8345	span-repeat
663	7288	low-cov
664	8103	span-repeat
668	12556	span-repeat
669	11769	low-cov
671	13262	span-repeat
673	12700	span-repeat
674	10255	uniq-repeat-dove
676	9626	low-cov
677	12487	uniq-repeat-dove
679	12450	low-cov
680	7972	uniq-repeat-dove
682	8306	low-cov
683	8044	uniq-repeat-dove
684	7247	low-cov
686	11443	uniq-repeat-dove
688	10679	low-cov
692	9978	span-repeat
695	8740	span-repeat
697	8333	low-cov
701	7664	span-repeat
704	7944	uniq-repeat-dove
706	7484	low-cov
707	8176	span-repeat
709	8627	span-repeat
710	5713	uniq-repeat-dove
711	5229	low-cov
712	5380	low-cov
715	5151	low-cov
716	12402	uniq-repeat-dove
717	11315	low-cov
718	11444	span-repeat
719	13085	uniq-repeat-dove
721	12656	low-cov
722	9296	low-cov
725	7593	uniq-repeat-dove
726	7148	low-cov
727	6854	low-cov
728	8127	uniq-repeat-dove
730	7665	low-cov
731	18006	low-cov
734	3061	uniq-repeat-dove
736	2859	low-cov
737	10840	uniq-repeat-dove
740	2478	span-repeat
752	11818	span-repeat
755	7349	span-repeat
760	3509	low-cov
761	8252	span-repeat
762	7765	low-cov
763	7754	low-cov
764	16404	span-repeat
766	15759	low-cov
767	11015	span-repeat
770	8065	span-repeat
772	8322	low-cov
773	9809	uniq-repeat-dove
779	6135	uniq-repeat-dove
781	5945	low-cov
782	9405	span-repeat
784	8925	span-repeat
785	1213	span-repeat
786	1221	low-cov
787	5499	uniq-repeat-dove
788	4889	low-cov
789	5352	low-cov
790	3702	low-cov
793	10071	span-repeat
795	9696	unique
796	9936	low-cov
799	8824	span-repeat
801	8357	low-cov
802	6622	low-cov
805	11163	span-repeat
807	10620	low-cov
808	12404	span-repeat
809	11399	low-cov
810	11845	low-cov
811	6310	span-repeat
814	6048	uniq-repeat-dove
817	3746	low-cov
820	9347	span-repeat
823	9681	uniq-repeat-dove
826	7434	span-repeat
828	7143	low-cov
831	3347	low-cov
832	1531	span-repeat
834	1457	low-cov
835	7321	uniq-repeat-dove
838	10143	span-repeat
840	9502	span-repeat
841	6468	span-repeat
844	10425	uniq-repeat-dove
846	9933	low-cov
847	10534	uniq-repeat-dove
850	6351	uniq-repeat-dove
852	6110	unique
854	6234	low-cov
856	9092	span-repeat
858	8437	low-cov
862	8049	span-repeat
865	7435	uniq-repeat-dove
867	7387	low-cov
869	4874	low-cov
870	5405	low-cov
871	20184	span-repeat
877	21009	uniq-repeat-dove
878	19048	low-cov
879	20137	span-repeat
886	10076	uniq-repeat-dove
889	13800	uniq-repeat-dove
892	6608	span-repeat
895	5516	span-repeat
898	5877	span-repeat
901	9956	uniq-repeat-dove
910	17726	span-repeat
912	17362	low-cov
916	11765	span-repeat
919	9354	uniq-repeat-dove
920	8718	low-cov
921	8719	span-repeat
925	15865	span-repeat
927	14571	low-cov
934	10278	span-repeat
936	9827	span-repeat
940	3839	low-cov
943	15554	uniq-repeat-dove
945	14518	low-cov
946	18154	uniq-repeat-dove
948	17391	span-repeat
949	4060	uniq-repeat-dove
955	11332	uniq-repeat-dove
958	11517	span-repeat
961	8762	span-repeat
964	8568	uniq-repeat-dove
966	7939	uniq-repeat-dove
967	5236	uniq-repeat-dove
970	11810	uniq-repeat-dove
972	11381	span-repeat
973	4088	span-repeat
976	8080	span-repeat
981	8208	low-cov
982	9716	uniq-repeat-dove
985	7351	span-repeat
986	6811	low-cov
991	13069	uniq-repeat-dove
993	13260	span-repeat
994	11616	uniq-repeat-dove
996	11539	low-cov
997	22118	span-repeat
1001	3761	low-cov
1002	6677	low-cov
1004	1809	span-repeat
1006	1530	low-cov
1007	14659	uniq-repeat-dove
1008	13177	low-cov
1009	14057	span-repeat
1010	8029	span-repeat
1011	7393	low-cov
1012	7675	span-repeat
1013	3003	uniq-repeat-dove
1015	2840	low-cov
1016	11483	uniq-repeat-dove
1018	10940	low-cov
1022	14432	uniq-repeat-dove
1024	13757	low-cov
1028	4914	span-repeat
1029	4708	low-cov
1030	4555	low-cov
1031	11815	span-repeat
1033	11132	low-cov
1034	5727	low-cov
1040	8198	uniq-repeat-dove
1042	7505	low-cov
1043	7532	span-repeat
1046	13667	span-repeat
1049	4213	span-repeat
1052	5225	span-repeat
1055	9811	uniq-repeat-dove
1058	8051	span-repeat
1060	10581	span-repeat
1061	13323	span-repeat
1064	6280	uniq-repeat-dove
1066	5907	low-cov
1067	10274	uniq-repeat-dove
1069	9552	low-cov
1070	4334	span-repeat
1073	3041	uniq-repeat-dove
1075	3014	low-cov
1076	13600	span-repeat
1079	7578	span-repeat
1081	7837	low-cov
1085	12161	uniq-repeat-dove
1086	11472	low-cov
1088	9899	uniq-repeat-dove
1090	9425	low-cov
1109	3196	uniq-repeat-dove
1111	3419	low-cov
1112	9787	span-repeat
1114	10060	low-cov
1115	8280	span-repeat
1118	11738	low-cov
1124	9884	span-repeat
1127	1213	span-repeat
1128	6299	uniq-repeat-dove
1129	6012	low-cov
1131	9281	span-repeat
1137	9467	uniq-repeat-dove
1140	9767	span-repeat
1142	9666	low-cov
1143	2103	span-repeat
1146	2949	span-repeat
1148	2714	low-cov
1152	8644	uniq-repeat-dove
1154	8751	low-cov
1155	6844	span-repeat
1157	6581	low-cov
1161	5294	uniq-repeat-dove
1164	9475	uniq-repeat-dove
1165	8587	low-cov
1166	9002	low-cov
1170	9660	low-cov
1173	12231	span-repeat
1175	11787	low-cov
1179	12972	uniq-repeat-dove
1181	13223	span-repeat
1188	9398	uniq-repeat-dove
1191	8446	span-repeat
1193	9010	span-repeat
1197	16532	uniq-repeat-dove
1199	15920	low-cov
1203	4368	span-repeat
1205	3972	uniq-repeat-dove
1206	6303	low-cov
1209	11447	span-repeat
1211	11623	low-cov
1217	2553	low-cov
1218	6131	uniq-repeat-dove
1220	5804	low-cov
1221	6649	uniq-repeat-dove
1223	6305	low-cov
1236	9224	low-cov
1239	12983	uniq-repeat-dove
1241	12362	low-cov
1242	1456	low-cov
1245	10835	uniq-repeat-dove
1248	13146	span-repeat
1251	6895	uniq-repeat-dove
1253	6464	low-cov
1254	8247	uniq-repeat-dove
1256	8051	low-cov
1257	5917	uniq-repeat-dove
1259	6875	low-cov
1260	2748	low-cov
1266	8755	uniq-repeat-dove
1268	8463	low-cov
1275	3461	uniq-repeat-dove
1276	3239	low-cov
1277	3239	low-cov
1278	13013	span-repeat
1280	14092	low-cov
1284	4323	span-repeat
1287	2735	uniq-repeat-dove
1290	6883	span-repeat
1293	9089	uniq-repeat-dove
1295	8877	low-cov
1296	7839	span-repeat
1299	12949	uniq-repeat-dove
1301	11756	low-cov
1302	14899	uniq-repeat-dove
1304	13901	low-cov
1305	2421	span-repeat
1307	2304	middle-missing
1308	15789	span-repeat
1310	15151	low-cov
1311	6845	uniq-repeat-dove
1315	2007	low-cov
1317	7545	low-cov
1320	6531	uniq-repeat-dove
1326	12069	uniq-repeat-dove
1328	11625	span-repeat
1329	14377	span-repeat
1332	17914	middle-missing
1334	17519	low-cov
1335	9124	uniq-repeat-dove
1337	8527	low-cov
1338	9871	span-repeat
1341	7622	span-repeat
1344	12923	uniq-repeat-dove
1345	11662	low-cov
1346	12254	low-cov
1347	3292	low-cov
1349	4416	low-cov
1353	9199	span-repeat
1355	8432	low-cov
1359	6811	uniq-repeat-dove
1361	6426	low-cov
1362	10351	span-repeat
1364	10969	low-cov
1365	10504	uniq-repeat-dove
1367	10046	span-repeat
1368	14289	uniq-repeat-dove
1369	13365	low-cov
1370	13217	low-cov
1373	5632	low-cov
1374	13214	span-repeat
1376	12477	low-cov
1377	6313	unique
1380	9491	span-repeat
1383	5357	span-repeat
1386	8377	uniq-repeat-dove
1387	7364	low-cov
1388	7908	low-cov
1389	5065	uniq-repeat-dove
1390	4694	low-cov
1391	4836	span-repeat
1392	3235	span-repeat
1394	2921	low-cov
1395	8863	uniq-repeat-dove
1397	8413	uniq-repeat-dove
1399	3186	low-cov
1400	4189	low-cov
1401	10254	span-repeat
1404	11958	low-cov
1407	3156	uniq-repeat-dove
1408	3001	low-cov
1409	2984	low-cov
1410	5054	span-repeat
1413	8413	uniq-repeat-dove
1414	7605	low-cov
1415	7963	uniq-repeat-dove
1416	12131	uniq-repeat-dove
1417	11242	low-cov
1418	11700	uniq-repeat-dove
1419	2399	span-repeat
1422	11968	uniq-repeat-dove
1424	11428	low-cov
1425	4600	span-repeat
1431	14947	uniq-repeat-dove
1434	17609	uniq-repeat-dove
1436	18163	low-cov
1437	10987	uniq-repeat-dove
1443	2090	span-repeat
1445	1974	span-repeat
1446	7633	uniq-repeat-dove
1448	10026	low-cov
1458	6325	span-repeat
1461	9281	span-repeat
1463	8864	low-cov
1464	10072	uniq-repeat-dove
1465	9512	low-cov
1466	9432	uniq-repeat-dove
1467	4096	span-repeat
1470	7090	uniq-repeat-dove
1472	6648	low-cov
1473	11740	span-repeat
1476	8868	span-repeat
1479	8601	uniq-repeat-dove
1480	7947	low-cov
1481	8197	low-cov
1482	15143	uniq-repeat-dove
1484	14586	low-cov
1485	4878	span-repeat
1486	4469	low-cov
1487	4621	low-cov
1488	5230	span-repeat
1491	18906	uniq-repeat-dove
1493	18209	span-repeat
1494	7760	uniq-repeat-dove
1497	19754	uniq-repeat-dove
1499	18962	span-repeat
1500	11830	uniq-repeat-dove
1503	1742	uniq-repeat-dove
1505	1585	low-cov
1506	8264	uniq-repeat-dove
1508	7889	low-cov
1509	8853	span-repeat
1511	8237	low-cov
1512	22970	uniq-repeat-dove
1515	8401	span-repeat
1516	6920	low-cov
1518	12852	uniq-repeat-dove
1521	5049	uniq-repeat-dove
1523	4940	uniq-repeat-dove
1524	7835	uniq-repeat-dove
1526	7282	low-cov
1530	7500	uniq-repeat-dove
1533	7283	uniq-repeat-dove
1535	6959	low-cov
1536	19657	span-repeat
1538	19006	low-cov
1539	7834	uniq-repeat-dove
1541	7303	low-cov
1542	10042	uniq-repeat-dove
1543	9446	low-cov
1544	9261	low-cov
1546	6370	low-cov
1554	10214	span-repeat
1557	7449	span-repeat
1558	6939	low-cov
1559	6818	low-cov
1560	3290	span-repeat
1562	3674	uniq-repeat-dove
1563	14412	uniq-repeat-dove
1568	7002	low-cov
1572	3438	uniq-repeat-dove
1574	3274	low-cov
1575	1010	uniq-repeat-dove
1576	11054	uniq-repeat-dove
1578	10689	low-cov
1579	1338	span-repeat
1582	7790	uniq-repeat-dove
1584	7377	low-cov
1585	12347	span-repeat
1586	10954	low-cov
1587	11794	low-cov
1588	13099	uniq-repeat-dove
1590	13226	low-cov
1591	13113	span-repeat
1594	12753	span-repeat
1596	12369	low-cov
1598	3753	low-cov
1599	5805	middle-missing
1600	12931	span-repeat
1602	12331	low-cov
1603	15506	uniq-repeat-dove
1606	12194	span-repeat
1608	11952	span-repeat
1609	7014	uniq-repeat-dove
1612	16133	span-repeat
1614	15458	low-cov
1615	9566	uniq-repeat-dove
1616	8777	low-cov
1617	9195	span-repeat
1618	5838	uniq-repeat-dove
1621	10307	uniq-repeat-dove
1623	9902	low-cov
1624	11431	unique
1627	9535	uniq-repeat-dove
1629	9014	low-cov
1630	9702	span-repeat
1632	9570	low-cov
1633	12665	span-repeat
1635	12248	low-cov
1636	1350	uniq-repeat-dove
1642	8095	uniq-repeat-dove
1644	8153	span-repeat
1645	9267	span-repeat
1647	8855	low-cov
1648	9499	span-repeat
1657	16851	span-repeat
1660	7698	low-cov
1666	13344	low-cov
1672	4317	span-repeat
1675	17908	span-repeat
1677	16710	low-cov
1681	10134	uniq-repeat-dove
1683	9601	low-cov
1684	9809	uniq-repeat-dove
1686	9493	span-repeat
1689	9682	low-cov
1690	4096	uniq-repeat-dove
1693	9608	span-repeat
1695	9484	low-cov
1696	11527	uniq-repeat-dove
1698	10760	low-cov
1699	11180	uniq-repeat-dove
1701	10795	low-cov
1702	8494	span-repeat
1704	7971	uniq-repeat-dove
1705	7225	uniq-repeat-dove
1708	2377	low-cov
1711	2454	low-cov
1713	2439	low-cov
1717	13238	uniq-repeat-dove
1719	12788	span-repeat
1720	5927	uniq-repeat-dove
1722	6408	low-cov
1723	5355	uniq-repeat-dove
1726	18887	uniq-repeat-dove
1728	18116	low-cov
1735	7018	span-repeat
1738	5909	uniq-repeat-dove
1740	5474	low-cov
1743	6984	uniq-repeat-dove
1744	44947	middle-missing
1747	12925	uniq-repeat-dove
1749	12141	low-cov
1750	12688	uniq-repeat-dove
1752	12362	low-cov
1753	5663	uniq-repeat-dove
1755	6175	low-cov
1759	7389	span-repeat
1762	7658	uniq-repeat-dove
1763	6809	low-cov
1764	7063	low-cov
1765	5473	span-repeat
1767	5359	low-cov
1768	7329	unique
1771	7129	uniq-repeat-dove
1773	7153	low-cov
1774	8962	uniq-repeat-dove
1776	8722	low-cov
1777	5936	span-repeat
1780	10713	span-repeat
1782	11700	low-cov
1783	1519	uniq-repeat-dove
1784	1427	low-cov
1786	17491	unique
1788	17304	low-cov
1789	7952	span-repeat
1791	9753	low-cov
1792	12244	uniq-repeat-dove
1794	11743	low-cov
1795	4557	span-repeat
1797	4331	low-cov
1798	5806	uniq-repeat-dove
1800	5303	low-cov
1804	6385	span-repeat
1807	8349	uniq-repeat-dove
1808	7969	low-cov
1813	5804	span-repeat
1815	10271	low-cov
1816	9709	uniq-repeat-dove
1818	9476	low-cov
1819	9569	uniq-repeat-dove
1821	9650	span-repeat
1825	4746	span-repeat
1827	4804	low-cov
1828	10666	uniq-repeat-dove
1830	10240	span-repeat
1831	18131	span-repeat
1832	16466	low-cov
1833	17406	span-repeat
1834	1881	uniq-repeat-dove
1840	10611	span-repeat
1842	10751	low-cov
1843	7799	span-repeat
1844	9646	low-cov
1845	7407	low-cov
1848	4065	low-cov
1849	9226	low-cov
1852	8592	uniq-repeat-dove
1858	16909	low-cov
1861	2105	uniq-repeat-dove
1862	1953	low-cov
1864	7759	span-repeat
1865	7977	low-cov
1866	7386	span-repeat
1867	3497	uniq-repeat-dove
1868	3370	low-cov
1869	3444	low-cov
1873	11235	uniq-repeat-dove
1879	10378	low-cov
1882	12347	low-cov
1888	1579	span-repeat
1894	1326	uniq-repeat-dove
1897	8116	span-repeat
1900	3118	low-cov
1903	9184	uniq-repeat-dove
