Dumping reads from 1 to 27 (inclusive).
Starting mhap precompute.
Running with these settings:
--filter-threshold = 5.0E-6
--help = false
--max-shift = 0.2
--min-olap-length = 116
--min-store-length = 0
--no-self = false
--no-tf = false
--num-hashes = 768
--num-min-matches = 2
--num-threads = 12
--ordered-kmer-size = 12
--ordered-sketch-size = 1536
--repeat-weight = 0.9
--settings = 0
--store-full-id = false
--supress-noise = 0
--threshold = 0.73
--version = false
-f = /home/shao4/compgenomics/project/R73_Lambda/assembly/lambda/correction/0-mercounts/lambda.ms16.frequentMers.ignore.gz
-h = false
-k = 16
-p = /home/shao4/compgenomics/project/R73_Lambda/assembly/lambda/correction/1-overlapper/blocks/000001.fasta
-q = /home/shao4/compgenomics/project/R73_Lambda/assembly/lambda/correction/1-overlapper/blocks
-s = 

Reading in filter file /home/shao4/compgenomics/project/R73_Lambda/assembly/lambda/correction/0-mercounts/lambda.ms16.frequentMers.ignore.gz.
Time (s) to read filter file: 0.282085947
Read in k-mer filter for sizes: [16]
Processing FASTA files for binary compression...
Processed 54 sequences (fwd and rev).
Read, hashed, and stored file /home/shao4/compgenomics/project/R73_Lambda/assembly/lambda/correction/1-overlapper/blocks/000001.fasta to /home/shao4/compgenomics/project/R73_Lambda/assembly/lambda/correction/1-overlapper/blocks/000001.dat.
Time (s): 1.0892299490000001
Total time (s): 1.0894361110000002
